<?xml version="1.0" encoding="UTF-8"?>
<coverage generated="1666112379411" clover="3.2.0">
  <project timestamp="1666112379411" name="All files">
    <metrics statements="401" coveredstatements="179" conditionals="275" coveredconditionals="91" methods="44" coveredmethods="18" elements="720" coveredelements="288" complexity="0" loc="401" ncloc="401" packages="1" files="3" classes="3"/>
    <file name="compute-lines.ts" path="/Users/neha/open-source/react-diff-viewer/src/compute-lines.ts">
      <metrics statements="282" coveredstatements="99" conditionals="175" coveredconditionals="53" methods="24" coveredmethods="8"/>
      <line num="21" count="1" type="stmt"/>
      <line num="75" count="1" type="stmt"/>
      <line num="76" count="84" type="cond" truecount="1" falsecount="1"/>
      <line num="77" count="0" type="stmt"/>
      <line num="79" count="84" type="stmt"/>
      <line num="80" count="84" type="cond" truecount="1" falsecount="1"/>
      <line num="81" count="0" type="stmt"/>
      <line num="83" count="84" type="stmt"/>
      <line num="84" count="96" type="stmt"/>
      <line num="85" count="84" type="cond" truecount="2" falsecount="0"/>
      <line num="87" count="6" type="cond" truecount="1" falsecount="1"/>
      <line num="88" count="6" type="stmt"/>
      <line num="90" count="0" type="stmt"/>
      <line num="91" count="0" type="stmt"/>
      <line num="94" count="78" type="stmt"/>
      <line num="95" count="78" type="stmt"/>
      <line num="98" count="78" type="cond" truecount="2" falsecount="0"/>
      <line num="99" count="6" type="stmt"/>
      <line num="101" count="78" type="cond" truecount="2" falsecount="0"/>
      <line num="102" count="6" type="stmt"/>
      <line num="104" count="78" type="stmt"/>
      <line num="115" count="1" type="stmt"/>
      <line num="120" count="12" type="cond" truecount="1" falsecount="1"/>
      <line num="124" count="12" type="stmt"/>
      <line num="128" count="12" type="stmt"/>
      <line num="130" count="60" type="stmt"/>
      <line num="131" count="60" type="cond" truecount="2" falsecount="0"/>
      <line num="132" count="18" type="stmt"/>
      <line num="133" count="18" type="stmt"/>
      <line num="134" count="18" type="stmt"/>
      <line num="136" count="60" type="cond" truecount="2" falsecount="0"/>
      <line num="137" count="24" type="stmt"/>
      <line num="138" count="24" type="stmt"/>
      <line num="139" count="24" type="stmt"/>
      <line num="141" count="60" type="cond" truecount="4" falsecount="0"/>
      <line num="142" count="18" type="stmt"/>
      <line num="143" count="18" type="stmt"/>
      <line num="144" count="18" type="stmt"/>
      <line num="145" count="18" type="stmt"/>
      <line num="147" count="60" type="stmt"/>
      <line num="150" count="12" type="stmt"/>
      <line num="154" count="0" type="stmt"/>
      <line num="155" count="0" type="stmt"/>
      <line num="156" count="0" type="stmt"/>
      <line num="157" count="0" type="stmt"/>
      <line num="159" count="0" type="cond" truecount="0" falsecount="2"/>
      <line num="161" count="0" type="cond" truecount="0" falsecount="2"/>
      <line num="162" count="0" type="stmt"/>
      <line num="165" count="0" type="stmt"/>
      <line num="171" count="0" type="cond" truecount="0" falsecount="2"/>
      <line num="172" count="0" type="stmt"/>
      <line num="175" count="0" type="stmt"/>
      <line num="179" count="0" type="stmt"/>
      <line num="183" count="0" type="cond" truecount="0" falsecount="2"/>
      <line num="184" count="0" type="stmt"/>
      <line num="187" count="0" type="stmt"/>
      <line num="190" count="0" type="stmt"/>
      <line num="194" count="0" type="stmt"/>
      <line num="195" count="0" type="stmt"/>
      <line num="196" count="0" type="stmt"/>
      <line num="199" count="0" type="cond" truecount="0" falsecount="2"/>
      <line num="200" count="0" type="cond" truecount="0" falsecount="2"/>
      <line num="201" count="0" type="stmt"/>
      <line num="202" count="0" type="stmt"/>
      <line num="203" count="0" type="stmt"/>
      <line num="207" count="0" type="stmt"/>
      <line num="208" count="0" type="stmt"/>
      <line num="209" count="0" type="stmt"/>
      <line num="211" count="0" type="stmt"/>
      <line num="216" count="0" type="cond" truecount="0" falsecount="4"/>
      <line num="219" count="0" type="cond" truecount="0" falsecount="2"/>
      <line num="220" count="0" type="stmt"/>
      <line num="221" count="0" type="stmt"/>
      <line num="224" count="0" type="cond" truecount="0" falsecount="2"/>
      <line num="225" count="0" type="stmt"/>
      <line num="226" count="0" type="stmt"/>
      <line num="227" count="0" type="stmt"/>
      <line num="233" count="0" type="stmt"/>
      <line num="234" count="0" type="stmt"/>
      <line num="235" count="0" type="stmt"/>
      <line num="237" count="0" type="stmt"/>
      <line num="241" count="0" type="cond" truecount="0" falsecount="2"/>
      <line num="242" count="0" type="stmt"/>
      <line num="243" count="0" type="stmt"/>
      <line num="246" count="0" type="cond" truecount="0" falsecount="2"/>
      <line num="247" count="0" type="stmt"/>
      <line num="248" count="0" type="stmt"/>
      <line num="249" count="0" type="stmt"/>
      <line num="255" count="0" type="stmt"/>
      <line num="256" count="0" type="stmt"/>
      <line num="257" count="0" type="stmt"/>
      <line num="259" count="0" type="stmt"/>
      <line num="263" count="0" type="cond" truecount="0" falsecount="2"/>
      <line num="264" count="0" type="stmt"/>
      <line num="265" count="0" type="stmt"/>
      <line num="268" count="0" type="cond" truecount="0" falsecount="2"/>
      <line num="269" count="0" type="stmt"/>
      <line num="270" count="0" type="stmt"/>
      <line num="271" count="0" type="stmt"/>
      <line num="277" count="0" type="stmt"/>
      <line num="278" count="0" type="stmt"/>
      <line num="279" count="0" type="stmt"/>
      <line num="281" count="0" type="stmt"/>
      <line num="285" count="0" type="cond" truecount="0" falsecount="2"/>
      <line num="286" count="0" type="stmt"/>
      <line num="287" count="0" type="stmt"/>
      <line num="288" count="0" type="stmt"/>
      <line num="290" count="0" type="stmt"/>
      <line num="293" count="0" type="cond" truecount="0" falsecount="4"/>
      <line num="294" count="0" type="stmt"/>
      <line num="296" count="0" type="stmt"/>
      <line num="299" count="0" type="cond" truecount="0" falsecount="2"/>
      <line num="300" count="0" type="stmt"/>
      <line num="301" count="0" type="stmt"/>
      <line num="302" count="0" type="stmt"/>
      <line num="303" count="0" type="cond" truecount="0" falsecount="2"/>
      <line num="304" count="0" type="stmt"/>
      <line num="305" count="0" type="stmt"/>
      <line num="306" count="0" type="stmt"/>
      <line num="309" count="0" type="cond" truecount="0" falsecount="5"/>
      <line num="310" count="0" type="stmt"/>
      <line num="312" count="0" type="stmt"/>
      <line num="317" count="0" type="stmt"/>
      <line num="318" count="0" type="stmt"/>
      <line num="319" count="0" type="stmt"/>
      <line num="320" count="0" type="cond" truecount="0" falsecount="2"/>
      <line num="321" count="0" type="stmt"/>
      <line num="323" count="0" type="stmt"/>
      <line num="331" count="0" type="stmt"/>
      <line num="333" count="0" type="cond" truecount="0" falsecount="2"/>
      <line num="334" count="0" type="stmt"/>
      <line num="337" count="0" type="stmt"/>
      <line num="338" count="0" type="stmt"/>
      <line num="339" count="0" type="stmt"/>
      <line num="340" count="0" type="cond" truecount="0" falsecount="2"/>
      <line num="341" count="0" type="stmt"/>
      <line num="343" count="0" type="stmt"/>
      <line num="348" count="0" type="stmt"/>
      <line num="351" count="0" type="cond" truecount="0" falsecount="8"/>
      <line num="352" count="0" type="stmt"/>
      <line num="354" count="0" type="stmt"/>
      <line num="357" count="0" type="cond" truecount="0" falsecount="2"/>
      <line num="358" count="0" type="stmt"/>
      <line num="359" count="0" type="stmt"/>
      <line num="361" count="0" type="cond" truecount="0" falsecount="2"/>
      <line num="362" count="0" type="stmt"/>
      <line num="365" count="0" type="cond" truecount="0" falsecount="4"/>
      <line num="366" count="0" type="stmt"/>
      <line num="369" count="0" type="cond" truecount="0" falsecount="6"/>
      <line num="370" count="0" type="cond" truecount="0" falsecount="2"/>
      <line num="371" count="0" type="stmt"/>
      <line num="372" count="0" type="stmt"/>
      <line num="373" count="0" type="stmt"/>
      <line num="377" count="0" type="stmt"/>
      <line num="378" count="0" type="stmt"/>
      <line num="382" count="0" type="cond" truecount="0" falsecount="4"/>
      <line num="383" count="0" type="stmt"/>
      <line num="385" count="0" type="stmt"/>
      <line num="386" count="0" type="cond" truecount="0" falsecount="2"/>
      <line num="387" count="0" type="stmt"/>
      <line num="388" count="0" type="cond" truecount="0" falsecount="2"/>
      <line num="389" count="0" type="stmt"/>
      <line num="390" count="0" type="stmt"/>
      <line num="391" count="0" type="stmt"/>
      <line num="393" count="0" type="stmt"/>
      <line num="399" count="0" type="cond" truecount="0" falsecount="2"/>
      <line num="400" count="0" type="stmt"/>
      <line num="402" count="0" type="stmt"/>
      <line num="403" count="0" type="cond" truecount="0" falsecount="2"/>
      <line num="405" count="0" type="cond" truecount="0" falsecount="2"/>
      <line num="406" count="0" type="stmt"/>
      <line num="407" count="0" type="stmt"/>
      <line num="408" count="0" type="stmt"/>
      <line num="411" count="0" type="stmt"/>
      <line num="414" count="0" type="stmt"/>
      <line num="420" count="0" type="cond" truecount="0" falsecount="2"/>
      <line num="422" count="0" type="cond" truecount="0" falsecount="2"/>
      <line num="423" count="0" type="stmt"/>
      <line num="425" count="0" type="stmt"/>
      <line num="426" count="0" type="stmt"/>
      <line num="427" count="0" type="stmt"/>
      <line num="432" count="0" type="stmt"/>
      <line num="438" count="0" type="stmt"/>
      <line num="449" count="0" type="cond" truecount="0" falsecount="2"/>
      <line num="450" count="0" type="stmt"/>
      <line num="451" count="0" type="stmt"/>
      <line num="453" count="0" type="stmt"/>
      <line num="454" count="0" type="stmt"/>
      <line num="455" count="0" type="stmt"/>
      <line num="461" count="0" type="stmt"/>
      <line num="465" count="0" type="stmt"/>
      <line num="467" count="0" type="cond" truecount="0" falsecount="2"/>
      <line num="468" count="0" type="stmt"/>
      <line num="470" count="0" type="cond" truecount="0" falsecount="2"/>
      <line num="471" count="0" type="stmt"/>
      <line num="474" count="0" type="stmt"/>
      <line num="476" count="0" type="cond" truecount="0" falsecount="4"/>
      <line num="477" count="0" type="stmt"/>
      <line num="480" count="0" type="stmt"/>
      <line num="481" count="0" type="stmt"/>
      <line num="484" count="0" type="stmt"/>
      <line num="488" count="0" type="stmt"/>
      <line num="505" count="1" type="stmt"/>
      <line num="522" count="6" type="stmt"/>
      <line num="523" count="6" type="cond" truecount="3" falsecount="1"/>
      <line num="524" count="0" type="stmt"/>
      <line num="526" count="6" type="stmt"/>
      <line num="527" count="6" type="stmt"/>
      <line num="528" count="0" type="stmt"/>
      <line num="538" count="0" type="stmt"/>
      <line num="560" count="6" type="cond" truecount="1" falsecount="1"/>
      <line num="561" count="6" type="cond" truecount="3" falsecount="3"/>
      <line num="562" count="6" type="stmt"/>
      <line num="571" count="6" type="cond" truecount="1" falsecount="1"/>
      <line num="572" count="0" type="stmt"/>
      <line num="576" count="0" type="stmt"/>
      <line num="580" count="0" type="stmt"/>
      <line num="625" count="6" type="stmt"/>
      <line num="626" count="6" type="stmt"/>
      <line num="627" count="6" type="stmt"/>
      <line num="628" count="6" type="stmt"/>
      <line num="629" count="6" type="stmt"/>
      <line num="630" count="6" type="stmt"/>
      <line num="631" count="6" type="stmt"/>
      <line num="643" count="48" type="stmt"/>
      <line num="645" count="48" type="stmt"/>
      <line num="648" count="66" type="stmt"/>
      <line num="649" count="66" type="stmt"/>
      <line num="659" count="66" type="cond" truecount="2" falsecount="0"/>
      <line num="663" count="12" type="stmt"/>
      <line num="665" count="54" type="cond" truecount="4" falsecount="0"/>
      <line num="666" count="30" type="cond" truecount="2" falsecount="0"/>
      <line num="667" count="18" type="stmt"/>
      <line num="669" count="30" type="cond" truecount="2" falsecount="0"/>
      <line num="670" count="18" type="stmt"/>
      <line num="671" count="18" type="stmt"/>
      <line num="672" count="18" type="stmt"/>
      <line num="673" count="18" type="cond" truecount="1" falsecount="1"/>
      <line num="679" count="18" type="stmt"/>
      <line num="680" count="18" type="cond" truecount="3" falsecount="1"/>
      <line num="681" count="18" type="stmt"/>
      <line num="682" count="18" type="cond" truecount="4" falsecount="0"/>
      <line num="683" count="6" type="stmt"/>
      <line num="686" count="18" type="cond" truecount="2" falsecount="0"/>
      <line num="691" count="12" type="stmt"/>
      <line num="701" count="12" type="stmt"/>
      <line num="702" count="12" type="stmt"/>
      <line num="703" count="12" type="stmt"/>
      <line num="706" count="12" type="cond" truecount="1" falsecount="1"/>
      <line num="707" count="0" type="stmt"/>
      <line num="709" count="12" type="stmt"/>
      <line num="714" count="12" type="stmt"/>
      <line num="715" count="12" type="stmt"/>
      <line num="720" count="12" type="stmt"/>
      <line num="721" count="12" type="stmt"/>
      <line num="722" count="12" type="stmt"/>
      <line num="723" count="12" type="stmt"/>
      <line num="754" count="24" type="cond" truecount="3" falsecount="1"/>
      <line num="755" count="24" type="stmt"/>
      <line num="756" count="24" type="stmt"/>
      <line num="757" count="24" type="stmt"/>
      <line num="758" count="24" type="stmt"/>
      <line num="759" count="24" type="stmt"/>
      <line num="760" count="24" type="stmt"/>
      <line num="761" count="24" type="stmt"/>
      <line num="762" count="24" type="stmt"/>
      <line num="764" count="0" type="cond" truecount="0" falsecount="2"/>
      <line num="765" count="0" type="stmt"/>
      <line num="766" count="0" type="stmt"/>
      <line num="768" count="0" type="stmt"/>
      <line num="769" count="0" type="stmt"/>
      <line num="770" count="0" type="stmt"/>
      <line num="771" count="0" type="stmt"/>
      <line num="772" count="0" type="stmt"/>
      <line num="773" count="0" type="stmt"/>
      <line num="774" count="0" type="stmt"/>
      <line num="775" count="0" type="stmt"/>
      <line num="798" count="54" type="stmt"/>
      <line num="799" count="54" type="stmt"/>
      <line num="805" count="6" type="stmt"/>
      <line num="806" count="36" type="stmt"/>
      <line num="814" count="6" type="stmt"/>
    </file>
    <file name="index.tsx" path="/Users/neha/open-source/react-diff-viewer/src/index.tsx">
      <metrics statements="90" coveredstatements="52" conditionals="90" coveredconditionals="31" methods="17" coveredmethods="8"/>
      <line num="18" count="1" type="stmt"/>
      <line num="20" count="1" type="cond" truecount="2" falsecount="0"/>
      <line num="93" count="1" type="stmt"/>
      <line num="109" count="1" type="stmt"/>
      <line num="129" count="7" type="stmt"/>
      <line num="131" count="6" type="stmt"/>
      <line num="140" count="6" type="stmt"/>
      <line num="141" count="0" type="cond" truecount="0" falsecount="2"/>
      <line num="142" count="0" type="stmt"/>
      <line num="145" count="0" type="stmt"/>
      <line num="147" count="0" type="stmt"/>
      <line num="154" count="6" type="stmt"/>
      <line num="155" count="0" type="stmt"/>
      <line num="156" count="0" type="stmt"/>
      <line num="158" count="0" type="stmt"/>
      <line num="172" count="6" type="stmt"/>
      <line num="180" count="6" type="stmt"/>
      <line num="181" count="6" type="cond" truecount="1" falsecount="1"/>
      <line num="182" count="0" type="stmt"/>
      <line num="184" count="6" type="stmt"/>
      <line num="193" count="6" type="stmt"/>
      <line num="197" count="0" type="stmt"/>
      <line num="198" count="0" type="stmt"/>
      <line num="225" count="6" type="stmt"/>
      <line num="233" count="6" type="stmt"/>
      <line num="234" count="6" type="stmt"/>
      <line num="236" count="6" type="cond" truecount="2" falsecount="0"/>
      <line num="238" count="6" type="stmt"/>
      <line num="239" count="6" type="stmt"/>
      <line num="241" count="6" type="cond" truecount="1" falsecount="1"/>
      <line num="242" count="0" type="stmt"/>
      <line num="243" count="6" type="cond" truecount="1" falsecount="1"/>
      <line num="244" count="0" type="stmt"/>
      <line num="246" count="6" type="stmt"/>
      <line num="249" count="6" type="stmt"/>
      <line num="327" count="6" type="stmt"/>
      <line num="331" count="4" type="stmt"/>
      <line num="357" count="6" type="stmt"/>
      <line num="362" count="2" type="cond" truecount="2" falsecount="2"/>
      <line num="363" count="0" type="stmt"/>
      <line num="386" count="2" type="cond" truecount="1" falsecount="1"/>
      <line num="387" count="0" type="stmt"/>
      <line num="395" count="2" type="cond" truecount="1" falsecount="1"/>
      <line num="396" count="2" type="stmt"/>
      <line num="405" count="0" type="cond" truecount="0" falsecount="2"/>
      <line num="406" count="0" type="stmt"/>
      <line num="415" count="0" type="stmt"/>
      <line num="428" count="6" type="stmt"/>
      <line num="429" count="0" type="stmt"/>
      <line num="430" count="0" type="stmt"/>
      <line num="441" count="6" type="stmt"/>
      <line num="447" count="0" type="stmt"/>
      <line num="448" count="0" type="cond" truecount="0" falsecount="2"/>
      <line num="458" count="0" type="stmt"/>
      <line num="464" count="0" type="cond" truecount="0" falsecount="2"/>
      <line num="465" count="0" type="stmt"/>
      <line num="503" count="6" type="stmt"/>
      <line num="512" count="6" type="stmt"/>
      <line num="513" count="6" type="stmt"/>
      <line num="522" count="6" type="cond" truecount="1" falsecount="1"/>
      <line num="525" count="6" type="stmt"/>
      <line num="526" count="6" type="stmt"/>
      <line num="528" count="12" type="stmt"/>
      <line num="529" count="12" type="stmt"/>
      <line num="530" count="12" type="cond" truecount="1" falsecount="1"/>
      <line num="531" count="12" type="cond" truecount="1" falsecount="1"/>
      <line num="532" count="0" type="stmt"/>
      <line num="533" count="0" type="stmt"/>
      <line num="535" count="12" type="cond" truecount="2" falsecount="0"/>
      <line num="541" count="6" type="stmt"/>
      <line num="542" count="6" type="cond" truecount="2" falsecount="2"/>
      <line num="543" count="0" type="stmt"/>
      <line num="550" count="6" type="stmt"/>
      <line num="554" count="6" type="cond" truecount="2" falsecount="0"/>
      <line num="558" count="0" type="cond" truecount="0" falsecount="4"/>
      <line num="559" count="0" type="stmt"/>
      <line num="560" count="0" type="stmt"/>
      <line num="561" count="0" type="stmt"/>
      <line num="573" count="0" type="stmt"/>
      <line num="578" count="6" type="stmt"/>
      <line num="587" count="6" type="stmt"/>
      <line num="589" count="6" type="cond" truecount="3" falsecount="1"/>
      <line num="590" count="0" type="stmt"/>
      <line num="593" count="6" type="stmt"/>
      <line num="594" count="6" type="stmt"/>
      <line num="595" count="0" type="cond" truecount="0" falsecount="2"/>
      <line num="596" count="0" type="cond" truecount="0" falsecount="2"/>
      <line num="597" count="0" type="cond" truecount="0" falsecount="2"/>
      <line num="599" count="0" type="cond" truecount="0" falsecount="3"/>
      <line num="621" count="0" type="stmt"/>
    </file>
    <file name="styles.ts" path="/Users/neha/open-source/react-diff-viewer/src/styles.ts">
      <metrics statements="29" coveredstatements="28" conditionals="10" coveredconditionals="7" methods="3" coveredmethods="2"/>
      <line num="85" count="6" type="cond" truecount="1" falsecount="0"/>
      <line num="87" count="6" type="stmt"/>
      <line num="148" count="6" type="cond" truecount="1" falsecount="1"/>
      <line num="150" count="6" type="stmt"/>
      <line num="155" count="6" type="stmt"/>
      <line num="162" count="6" type="stmt"/>
      <line num="174" count="6" type="stmt"/>
      <line num="179" count="6" type="stmt"/>
      <line num="184" count="6" type="stmt"/>
      <line num="197" count="6" type="stmt"/>
      <line num="202" count="6" type="stmt"/>
      <line num="214" count="6" type="stmt"/>
      <line num="226" count="6" type="stmt"/>
      <line num="233" count="6" type="stmt"/>
      <line num="238" count="6" type="stmt"/>
      <line num="243" count="6" type="stmt"/>
      <line num="248" count="6" type="stmt"/>
      <line num="263" count="6" type="stmt"/>
      <line num="268" count="6" type="stmt"/>
      <line num="286" count="6" type="stmt"/>
      <line num="294" count="6" type="stmt"/>
      <line num="298" count="6" type="stmt"/>
      <line num="330" count="6" type="stmt"/>
      <line num="338" count="6" type="stmt"/>
      <line num="343" count="6" type="stmt"/>
      <line num="367" count="6" type="stmt"/>
      <line num="370" count="0" type="stmt"/>
      <line num="379" count="6" type="stmt"/>
      <line num="380" count="126" type="stmt"/>
    </file>
  </project>
</coverage>
