{"/Users/neha/open-source/react-diff-viewer/src/compute-lines.ts": {"path":"/Users/neha/open-source/react-diff-viewer/src/compute-lines.ts","statementMap":{"0":{"start":{"line":21,"column":39},"end":{"line":21,"column":43}},"1":{"start":{"line":75,"column":23},"end":{"line":105,"column":1}},"2":{"start":{"line":76,"column":2},"end":{"line":78,"column":3}},"3":{"start":{"line":77,"column":4},"end":{"line":77,"column":14}},"4":{"start":{"line":79,"column":2},"end":{"line":79,"column":38}},"5":{"start":{"line":80,"column":2},"end":{"line":82,"column":3}},"6":{"start":{"line":81,"column":4},"end":{"line":81,"column":14}},"7":{"start":{"line":83,"column":16},"end":{"line":83,"column":33}},"8":{"start":{"line":84,"column":21},"end":{"line":84,"column":56}},"9":{"start":{"line":84,"column":51},"end":{"line":84,"column":55}},"10":{"start":{"line":85,"column":2},"end":{"line":92,"column":3}},"11":{"start":{"line":87,"column":4},"end":{"line":89,"column":5}},"12":{"start":{"line":88,"column":6},"end":{"line":88,"column":16}},"13":{"start":{"line":90,"column":4},"end":{"line":90,"column":16}},"14":{"start":{"line":91,"column":4},"end":{"line":91,"column":17}},"15":{"start":{"line":94,"column":19},"end":{"line":94,"column":42}},"16":{"start":{"line":95,"column":20},"end":{"line":95,"column":28}},"17":{"start":{"line":98,"column":2},"end":{"line":100,"column":3}},"18":{"start":{"line":99,"column":4},"end":{"line":99,"column":16}},"19":{"start":{"line":101,"column":2},"end":{"line":103,"column":3}},"20":{"start":{"line":102,"column":4},"end":{"line":102,"column":18}},"21":{"start":{"line":104,"column":2},"end":{"line":104,"column":15}},"22":{"start":{"line":115,"column":20},"end":{"line":151,"column":1}},"23":{"start":{"line":120,"column":42},"end":{"line":123,"column":3}},"24":{"start":{"line":124,"column":48},"end":{"line":127,"column":3}},"25":{"start":{"line":128,"column":2},"end":{"line":149,"column":4}},"26":{"start":{"line":130,"column":47},"end":{"line":130,"column":49}},"27":{"start":{"line":131,"column":6},"end":{"line":135,"column":7}},"28":{"start":{"line":132,"column":8},"end":{"line":132,"column":46}},"29":{"start":{"line":133,"column":8},"end":{"line":133,"column":38}},"30":{"start":{"line":134,"column":8},"end":{"line":134,"column":49}},"31":{"start":{"line":136,"column":6},"end":{"line":140,"column":7}},"32":{"start":{"line":137,"column":8},"end":{"line":137,"column":48}},"33":{"start":{"line":138,"column":8},"end":{"line":138,"column":38}},"34":{"start":{"line":139,"column":8},"end":{"line":139,"column":48}},"35":{"start":{"line":141,"column":6},"end":{"line":146,"column":7}},"36":{"start":{"line":142,"column":8},"end":{"line":142,"column":48}},"37":{"start":{"line":143,"column":8},"end":{"line":143,"column":38}},"38":{"start":{"line":144,"column":8},"end":{"line":144,"column":49}},"39":{"start":{"line":145,"column":8},"end":{"line":145,"column":48}},"40":{"start":{"line":147,"column":6},"end":{"line":147,"column":29}},"41":{"start":{"line":150,"column":2},"end":{"line":150,"column":22}},"42":{"start":{"line":154,"column":32},"end":{"line":154,"column":34}},"43":{"start":{"line":155,"column":24},"end":{"line":155,"column":76}},"44":{"start":{"line":156,"column":22},"end":{"line":156,"column":72}},"45":{"start":{"line":157,"column":2},"end":{"line":178,"column":5}},"46":{"start":{"line":159,"column":4},"end":{"line":176,"column":3}},"47":{"start":{"line":161,"column":6},"end":{"line":166,"column":7}},"48":{"start":{"line":162,"column":8},"end":{"line":162,"column":103}},"49":{"start":{"line":165,"column":8},"end":{"line":165,"column":93}},"50":{"start":{"line":171,"column":9},"end":{"line":176,"column":3}},"51":{"start":{"line":172,"column":6},"end":{"line":172,"column":78}},"52":{"start":{"line":175,"column":6},"end":{"line":175,"column":68}},"53":{"start":{"line":179,"column":2},"end":{"line":189,"column":3}},"54":{"start":{"line":179,"column":18},"end":{"line":179,"column":38}},"55":{"start":{"line":183,"column":4},"end":{"line":188,"column":5}},"56":{"start":{"line":184,"column":6},"end":{"line":184,"column":93}},"57":{"start":{"line":187,"column":6},"end":{"line":187,"column":83}},"58":{"start":{"line":190,"column":2},"end":{"line":190,"column":16}},"59":{"start":{"line":194,"column":32},"end":{"line":194,"column":34}},"60":{"start":{"line":195,"column":23},"end":{"line":195,"column":46}},"61":{"start":{"line":196,"column":21},"end":{"line":196,"column":42}},"62":{"start":{"line":199,"column":2},"end":{"line":213,"column":3}},"63":{"start":{"line":200,"column":4},"end":{"line":204,"column":5}},"64":{"start":{"line":201,"column":6},"end":{"line":201,"column":94}},"65":{"start":{"line":202,"column":6},"end":{"line":202,"column":90}},"66":{"start":{"line":203,"column":6},"end":{"line":203,"column":20}},"67":{"start":{"line":207,"column":19},"end":{"line":207,"column":63}},"68":{"start":{"line":208,"column":4},"end":{"line":210,"column":7}},"69":{"start":{"line":209,"column":6},"end":{"line":209,"column":22}},"70":{"start":{"line":211,"column":4},"end":{"line":211,"column":17}},"71":{"start":{"line":216,"column":2},"end":{"line":486,"column":3}},"72":{"start":{"line":219,"column":6},"end":{"line":222,"column":7}},"73":{"start":{"line":220,"column":8},"end":{"line":220,"column":56}},"74":{"start":{"line":221,"column":8},"end":{"line":221,"column":22}},"75":{"start":{"line":224,"column":6},"end":{"line":236,"column":7}},"76":{"start":{"line":225,"column":23},"end":{"line":225,"column":67}},"77":{"start":{"line":226,"column":8},"end":{"line":228,"column":11}},"78":{"start":{"line":227,"column":10},"end":{"line":227,"column":26}},"79":{"start":{"line":233,"column":8},"end":{"line":233,"column":71}},"80":{"start":{"line":234,"column":8},"end":{"line":234,"column":67}},"81":{"start":{"line":235,"column":8},"end":{"line":235,"column":22}},"82":{"start":{"line":237,"column":6},"end":{"line":237,"column":12}},"83":{"start":{"line":241,"column":6},"end":{"line":244,"column":7}},"84":{"start":{"line":242,"column":8},"end":{"line":242,"column":55}},"85":{"start":{"line":243,"column":8},"end":{"line":243,"column":22}},"86":{"start":{"line":246,"column":6},"end":{"line":258,"column":7}},"87":{"start":{"line":247,"column":23},"end":{"line":247,"column":67}},"88":{"start":{"line":248,"column":8},"end":{"line":250,"column":11}},"89":{"start":{"line":249,"column":10},"end":{"line":249,"column":26}},"90":{"start":{"line":255,"column":8},"end":{"line":255,"column":70}},"91":{"start":{"line":256,"column":8},"end":{"line":256,"column":66}},"92":{"start":{"line":257,"column":8},"end":{"line":257,"column":22}},"93":{"start":{"line":259,"column":6},"end":{"line":259,"column":12}},"94":{"start":{"line":263,"column":6},"end":{"line":266,"column":7}},"95":{"start":{"line":264,"column":8},"end":{"line":264,"column":55}},"96":{"start":{"line":265,"column":8},"end":{"line":265,"column":22}},"97":{"start":{"line":268,"column":6},"end":{"line":280,"column":7}},"98":{"start":{"line":269,"column":23},"end":{"line":269,"column":67}},"99":{"start":{"line":270,"column":8},"end":{"line":272,"column":11}},"100":{"start":{"line":271,"column":10},"end":{"line":271,"column":26}},"101":{"start":{"line":277,"column":8},"end":{"line":277,"column":70}},"102":{"start":{"line":278,"column":8},"end":{"line":278,"column":66}},"103":{"start":{"line":279,"column":8},"end":{"line":279,"column":22}},"104":{"start":{"line":281,"column":6},"end":{"line":281,"column":12}},"105":{"start":{"line":285,"column":6},"end":{"line":291,"column":7}},"106":{"start":{"line":286,"column":23},"end":{"line":286,"column":67}},"107":{"start":{"line":287,"column":8},"end":{"line":289,"column":11}},"108":{"start":{"line":288,"column":10},"end":{"line":288,"column":26}},"109":{"start":{"line":290,"column":8},"end":{"line":290,"column":22}},"110":{"start":{"line":293,"column":6},"end":{"line":482,"column":7}},"111":{"start":{"line":294,"column":8},"end":{"line":294,"column":47}},"112":{"start":{"line":296,"column":8},"end":{"line":328,"column":11}},"113":{"start":{"line":299,"column":10},"end":{"line":326,"column":11}},"114":{"start":{"line":300,"column":27},"end":{"line":300,"column":135}},"115":{"start":{"line":301,"column":12},"end":{"line":313,"column":15}},"116":{"start":{"line":302,"column":14},"end":{"line":302,"column":43}},"117":{"start":{"line":303,"column":14},"end":{"line":307,"column":15}},"118":{"start":{"line":304,"column":38},"end":{"line":304,"column":76}},"119":{"start":{"line":305,"column":34},"end":{"line":305,"column":60}},"120":{"start":{"line":306,"column":16},"end":{"line":306,"column":136}},"121":{"start":{"line":309,"column":14},"end":{"line":311,"column":15}},"122":{"start":{"line":310,"column":16},"end":{"line":310,"column":33}},"123":{"start":{"line":312,"column":14},"end":{"line":312,"column":31}},"124":{"start":{"line":317,"column":26},"end":{"line":317,"column":69}},"125":{"start":{"line":318,"column":12},"end":{"line":324,"column":15}},"126":{"start":{"line":319,"column":14},"end":{"line":319,"column":33}},"127":{"start":{"line":320,"column":14},"end":{"line":322,"column":15}},"128":{"start":{"line":321,"column":16},"end":{"line":321,"column":33}},"129":{"start":{"line":323,"column":14},"end":{"line":323,"column":69}},"130":{"start":{"line":331,"column":8},"end":{"line":346,"column":9}},"131":{"start":{"line":331,"column":24},"end":{"line":331,"column":43}},"132":{"start":{"line":333,"column":10},"end":{"line":335,"column":11}},"133":{"start":{"line":334,"column":12},"end":{"line":334,"column":47}},"134":{"start":{"line":337,"column":24},"end":{"line":337,"column":81}},"135":{"start":{"line":338,"column":10},"end":{"line":344,"column":13}},"136":{"start":{"line":339,"column":12},"end":{"line":339,"column":31}},"137":{"start":{"line":340,"column":12},"end":{"line":342,"column":13}},"138":{"start":{"line":341,"column":14},"end":{"line":341,"column":31}},"139":{"start":{"line":343,"column":12},"end":{"line":343,"column":65}},"140":{"start":{"line":348,"column":8},"end":{"line":348,"column":47}},"141":{"start":{"line":351,"column":11},"end":{"line":482,"column":7}},"142":{"start":{"line":352,"column":8},"end":{"line":352,"column":47}},"143":{"start":{"line":354,"column":8},"end":{"line":463,"column":9}},"144":{"start":{"line":357,"column":10},"end":{"line":462,"column":11}},"145":{"start":{"line":358,"column":37},"end":{"line":358,"column":54}},"146":{"start":{"line":359,"column":35},"end":{"line":359,"column":50}},"147":{"start":{"line":361,"column":12},"end":{"line":459,"column":13}},"148":{"start":{"line":362,"column":29},"end":{"line":362,"column":159}},"149":{"start":{"line":365,"column":14},"end":{"line":446,"column":15}},"150":{"start":{"line":366,"column":16},"end":{"line":366,"column":88}},"151":{"start":{"line":369,"column":19},"end":{"line":446,"column":15}},"152":{"start":{"line":370,"column":12},"end":{"line":379,"column":17}},"153":{"start":{"line":371,"column":33},"end":{"line":371,"column":95}},"154":{"start":{"line":372,"column":18},"end":{"line":374,"column":21}},"155":{"start":{"line":373,"column":15},"end":{"line":373,"column":31}},"156":{"start":{"line":377,"column":18},"end":{"line":377,"column":126}},"157":{"start":{"line":378,"column":18},"end":{"line":378,"column":122}},"158":{"start":{"line":382,"column":19},"end":{"line":446,"column":15}},"159":{"start":{"line":383,"column":16},"end":{"line":383,"column":67}},"160":{"start":{"line":385,"column":16},"end":{"line":395,"column":19}},"161":{"start":{"line":386,"column":18},"end":{"line":394,"column":19}},"162":{"start":{"line":387,"column":20},"end":{"line":387,"column":49}},"163":{"start":{"line":388,"column":20},"end":{"line":392,"column":21}},"164":{"start":{"line":389,"column":44},"end":{"line":389,"column":82}},"165":{"start":{"line":390,"column":40},"end":{"line":390,"column":66}},"166":{"start":{"line":391,"column":22},"end":{"line":391,"column":142}},"167":{"start":{"line":393,"column":20},"end":{"line":393,"column":37}},"168":{"start":{"line":399,"column":19},"end":{"line":446,"column":15}},"169":{"start":{"line":400,"column":16},"end":{"line":400,"column":67}},"170":{"start":{"line":402,"column":16},"end":{"line":416,"column":19}},"171":{"start":{"line":403,"column":18},"end":{"line":415,"column":19}},"172":{"start":{"line":405,"column":20},"end":{"line":412,"column":21}},"173":{"start":{"line":406,"column":44},"end":{"line":406,"column":82}},"174":{"start":{"line":407,"column":40},"end":{"line":407,"column":66}},"175":{"start":{"line":408,"column":22},"end":{"line":408,"column":146}},"176":{"start":{"line":411,"column":22},"end":{"line":411,"column":51}},"177":{"start":{"line":414,"column":20},"end":{"line":414,"column":37}},"178":{"start":{"line":420,"column":16},"end":{"line":444,"column":17}},"179":{"start":{"line":422,"column":18},"end":{"line":428,"column":19}},"180":{"start":{"line":423,"column":20},"end":{"line":423,"column":87}},"181":{"start":{"line":425,"column":42},"end":{"line":425,"column":86}},"182":{"start":{"line":426,"column":38},"end":{"line":426,"column":64}},"183":{"start":{"line":427,"column":20},"end":{"line":427,"column":203}},"184":{"start":{"line":432,"column":18},"end":{"line":437,"column":21}},"185":{"start":{"line":438,"column":18},"end":{"line":443,"column":21}},"186":{"start":{"line":449,"column":14},"end":{"line":457,"column":15}},"187":{"start":{"line":450,"column":16},"end":{"line":450,"column":124}},"188":{"start":{"line":451,"column":16},"end":{"line":451,"column":120}},"189":{"start":{"line":453,"column":29},"end":{"line":453,"column":96}},"190":{"start":{"line":454,"column":16},"end":{"line":456,"column":19}},"191":{"start":{"line":455,"column":20},"end":{"line":455,"column":36}},"192":{"start":{"line":461,"column":12},"end":{"line":461,"column":121}},"193":{"start":{"line":465,"column":8},"end":{"line":473,"column":9}},"194":{"start":{"line":467,"column":10},"end":{"line":469,"column":11}},"195":{"start":{"line":468,"column":12},"end":{"line":468,"column":47}},"196":{"start":{"line":470,"column":10},"end":{"line":472,"column":11}},"197":{"start":{"line":471,"column":12},"end":{"line":471,"column":117}},"198":{"start":{"line":474,"column":8},"end":{"line":474,"column":47}},"199":{"start":{"line":476,"column":11},"end":{"line":482,"column":7}},"200":{"start":{"line":477,"column":8},"end":{"line":477,"column":81}},"201":{"start":{"line":480,"column":8},"end":{"line":480,"column":96}},"202":{"start":{"line":481,"column":8},"end":{"line":481,"column":92}},"203":{"start":{"line":484,"column":6},"end":{"line":484,"column":12}},"204":{"start":{"line":488,"column":2},"end":{"line":488,"column":16}},"205":{"start":{"line":505,"column":31},"end":{"line":818,"column":1}},"206":{"start":{"line":522,"column":26},"end":{"line":522,"column":33}},"207":{"start":{"line":523,"column":2},"end":{"line":525,"column":3}},"208":{"start":{"line":524,"column":4},"end":{"line":524,"column":14}},"209":{"start":{"line":526,"column":2},"end":{"line":559,"column":3}},"210":{"start":{"line":527,"column":4},"end":{"line":527,"column":25}},"211":{"start":{"line":528,"column":4},"end":{"line":528,"column":25}},"212":{"start":{"line":538,"column":4},"end":{"line":538,"column":22}},"213":{"start":{"line":560,"column":2},"end":{"line":586,"column":3}},"214":{"start":{"line":561,"column":4},"end":{"line":577,"column":5}},"215":{"start":{"line":562,"column":6},"end":{"line":570,"column":7}},"216":{"start":{"line":571,"column":6},"end":{"line":573,"column":7}},"217":{"start":{"line":572,"column":8},"end":{"line":572,"column":31}},"218":{"start":{"line":576,"column":6},"end":{"line":576,"column":58}},"219":{"start":{"line":580,"column":4},"end":{"line":585,"column":5}},"220":{"start":{"line":625,"column":24},"end":{"line":625,"column":35}},"221":{"start":{"line":626,"column":23},"end":{"line":626,"column":34}},"222":{"start":{"line":627,"column":43},"end":{"line":627,"column":45}},"223":{"start":{"line":628,"column":16},"end":{"line":628,"column":17}},"224":{"start":{"line":629,"column":30},"end":{"line":629,"column":32}},"225":{"start":{"line":630,"column":38},"end":{"line":630,"column":40}},"226":{"start":{"line":631,"column":29},"end":{"line":803,"column":3}},"227":{"start":{"line":643,"column":18},"end":{"line":643,"column":39}},"228":{"start":{"line":645,"column":4},"end":{"line":802,"column":23}},"229":{"start":{"line":648,"column":40},"end":{"line":648,"column":42}},"230":{"start":{"line":649,"column":41},"end":{"line":649,"column":43}},"231":{"start":{"line":659,"column":10},"end":{"line":664,"column":11}},"232":{"start":{"line":663,"column":12},"end":{"line":663,"column":29}},"233":{"start":{"line":665,"column":10},"end":{"line":788,"column":11}},"234":{"start":{"line":666,"column":12},"end":{"line":668,"column":13}},"235":{"start":{"line":667,"column":14},"end":{"line":667,"column":38}},"236":{"start":{"line":669,"column":12},"end":{"line":724,"column":13}},"237":{"start":{"line":670,"column":14},"end":{"line":670,"column":34}},"238":{"start":{"line":671,"column":14},"end":{"line":671,"column":47}},"239":{"start":{"line":672,"column":14},"end":{"line":672,"column":43}},"240":{"start":{"line":673,"column":14},"end":{"line":673,"column":39}},"241":{"start":{"line":679,"column":31},"end":{"line":679,"column":55}},"242":{"start":{"line":680,"column":14},"end":{"line":718,"column":15}},"243":{"start":{"line":681,"column":38},"end":{"line":681,"column":79}},"244":{"start":{"line":682,"column":16},"end":{"line":684,"column":17}},"245":{"start":{"line":683,"column":18},"end":{"line":683,"column":34}},"246":{"start":{"line":686,"column":16},"end":{"line":717,"column":17}},"247":{"start":{"line":691,"column":22},"end":{"line":696,"column":36}},"248":{"start":{"line":701,"column":18},"end":{"line":701,"column":74}},"249":{"start":{"line":702,"column":18},"end":{"line":702,"column":48}},"250":{"start":{"line":703,"column":18},"end":{"line":703,"column":36}},"251":{"start":{"line":706,"column":18},"end":{"line":716,"column":19}},"252":{"start":{"line":707,"column":20},"end":{"line":707,"column":45}},"253":{"start":{"line":709,"column":41},"end":{"line":713,"column":21}},"254":{"start":{"line":714,"column":20},"end":{"line":714,"column":53}},"255":{"start":{"line":715,"column":20},"end":{"line":715,"column":51}},"256":{"start":{"line":720,"column":14},"end":{"line":720,"column":35}},"257":{"start":{"line":721,"column":14},"end":{"line":721,"column":49}},"258":{"start":{"line":722,"column":14},"end":{"line":722,"column":42}},"259":{"start":{"line":723,"column":14},"end":{"line":723,"column":33}},"260":{"start":{"line":754,"column":12},"end":{"line":776,"column":13}},"261":{"start":{"line":755,"column":14},"end":{"line":755,"column":34}},"262":{"start":{"line":756,"column":14},"end":{"line":756,"column":35}},"263":{"start":{"line":757,"column":14},"end":{"line":757,"column":47}},"264":{"start":{"line":758,"column":14},"end":{"line":758,"column":43}},"265":{"start":{"line":759,"column":14},"end":{"line":759,"column":49}},"266":{"start":{"line":760,"column":14},"end":{"line":760,"column":44}},"267":{"start":{"line":761,"column":14},"end":{"line":761,"column":32}},"268":{"start":{"line":762,"column":14},"end":{"line":762,"column":33}},"269":{"start":{"line":764,"column":17},"end":{"line":776,"column":13}},"270":{"start":{"line":765,"column":36},"end":{"line":765,"column":70}},"271":{"start":{"line":766,"column":32},"end":{"line":766,"column":58}},"272":{"start":{"line":768,"column":14},"end":{"line":768,"column":34}},"273":{"start":{"line":769,"column":14},"end":{"line":769,"column":35}},"274":{"start":{"line":770,"column":14},"end":{"line":770,"column":47}},"275":{"start":{"line":771,"column":14},"end":{"line":771,"column":43}},"276":{"start":{"line":772,"column":14},"end":{"line":772,"column":49}},"277":{"start":{"line":773,"column":14},"end":{"line":773,"column":44}},"278":{"start":{"line":774,"column":14},"end":{"line":774,"column":60}},"279":{"start":{"line":775,"column":14},"end":{"line":775,"column":70}},"280":{"start":{"line":798,"column":10},"end":{"line":798,"column":23}},"281":{"start":{"line":799,"column":10},"end":{"line":799,"column":33}},"282":{"start":{"line":805,"column":2},"end":{"line":810,"column":5}},"283":{"start":{"line":806,"column":4},"end":{"line":809,"column":6}},"284":{"start":{"line":814,"column":2},"end":{"line":817,"column":4}}},"fnMap":{"0":{"name":"(anonymous_0)","decl":{"start":{"line":75,"column":23},"end":{"line":75,"column":24}},"loc":{"start":{"line":75,"column":52},"end":{"line":105,"column":1}},"line":75},"1":{"name":"(anonymous_1)","decl":{"start":{"line":84,"column":33},"end":{"line":84,"column":34}},"loc":{"start":{"line":84,"column":51},"end":{"line":84,"column":55}},"line":84},"2":{"name":"(anonymous_2)","decl":{"start":{"line":115,"column":20},"end":{"line":115,"column":21}},"loc":{"start":{"line":119,"column":30},"end":{"line":151,"column":1}},"line":119},"3":{"name":"(anonymous_3)","decl":{"start":{"line":129,"column":4},"end":{"line":129,"column":5}},"loc":{"start":{"line":129,"column":52},"end":{"line":148,"column":5}},"line":129},"4":{"name":"noiseDiffArray","decl":{"start":{"line":153,"column":9},"end":{"line":153,"column":23}},"loc":{"start":{"line":153,"column":86},"end":{"line":191,"column":1}},"line":153},"5":{"name":"(anonymous_5)","decl":{"start":{"line":157,"column":20},"end":{"line":157,"column":21}},"loc":{"start":{"line":157,"column":37},"end":{"line":178,"column":3}},"line":157},"6":{"name":"CompareJSON","decl":{"start":{"line":193,"column":9},"end":{"line":193,"column":20}},"loc":{"start":{"line":193,"column":117},"end":{"line":489,"column":1}},"line":193},"7":{"name":"(anonymous_7)","decl":{"start":{"line":208,"column":15},"end":{"line":208,"column":16}},"loc":{"start":{"line":208,"column":23},"end":{"line":210,"column":5}},"line":208},"8":{"name":"(anonymous_8)","decl":{"start":{"line":226,"column":19},"end":{"line":226,"column":20}},"loc":{"start":{"line":226,"column":27},"end":{"line":228,"column":9}},"line":226},"9":{"name":"(anonymous_9)","decl":{"start":{"line":248,"column":19},"end":{"line":248,"column":20}},"loc":{"start":{"line":248,"column":27},"end":{"line":250,"column":9}},"line":248},"10":{"name":"(anonymous_10)","decl":{"start":{"line":270,"column":19},"end":{"line":270,"column":20}},"loc":{"start":{"line":270,"column":27},"end":{"line":272,"column":9}},"line":270},"11":{"name":"(anonymous_11)","decl":{"start":{"line":287,"column":19},"end":{"line":287,"column":20}},"loc":{"start":{"line":287,"column":27},"end":{"line":289,"column":9}},"line":287},"12":{"name":"(anonymous_12)","decl":{"start":{"line":296,"column":25},"end":{"line":296,"column":26}},"loc":{"start":{"line":296,"column":41},"end":{"line":328,"column":9}},"line":296},"13":{"name":"(anonymous_13)","decl":{"start":{"line":301,"column":23},"end":{"line":301,"column":24}},"loc":{"start":{"line":301,"column":32},"end":{"line":313,"column":13}},"line":301},"14":{"name":"(anonymous_14)","decl":{"start":{"line":318,"column":22},"end":{"line":318,"column":23}},"loc":{"start":{"line":318,"column":44},"end":{"line":324,"column":13}},"line":318},"15":{"name":"(anonymous_15)","decl":{"start":{"line":338,"column":20},"end":{"line":338,"column":21}},"loc":{"start":{"line":338,"column":42},"end":{"line":344,"column":11}},"line":338},"16":{"name":"(anonymous_16)","decl":{"start":{"line":372,"column":29},"end":{"line":372,"column":30}},"loc":{"start":{"line":372,"column":37},"end":{"line":374,"column":19}},"line":372},"17":{"name":"(anonymous_17)","decl":{"start":{"line":385,"column":27},"end":{"line":385,"column":28}},"loc":{"start":{"line":385,"column":45},"end":{"line":395,"column":17}},"line":385},"18":{"name":"(anonymous_18)","decl":{"start":{"line":402,"column":27},"end":{"line":402,"column":28}},"loc":{"start":{"line":402,"column":45},"end":{"line":416,"column":17}},"line":402},"19":{"name":"(anonymous_19)","decl":{"start":{"line":454,"column":27},"end":{"line":454,"column":28}},"loc":{"start":{"line":454,"column":41},"end":{"line":456,"column":17}},"line":454},"20":{"name":"(anonymous_20)","decl":{"start":{"line":505,"column":31},"end":{"line":505,"column":32}},"loc":{"start":{"line":512,"column":30},"end":{"line":818,"column":1}},"line":512},"21":{"name":"(anonymous_21)","decl":{"start":{"line":631,"column":29},"end":{"line":631,"column":30}},"loc":{"start":{"line":638,"column":26},"end":{"line":803,"column":3}},"line":638},"22":{"name":"(anonymous_22)","decl":{"start":{"line":647,"column":8},"end":{"line":647,"column":9}},"loc":{"start":{"line":647,"column":54},"end":{"line":800,"column":9}},"line":647},"23":{"name":"(anonymous_23)","decl":{"start":{"line":805,"column":20},"end":{"line":805,"column":21}},"loc":{"start":{"line":805,"column":77},"end":{"line":810,"column":3}},"line":805}},"branchMap":{"0":{"loc":{"start":{"line":76,"column":2},"end":{"line":78,"column":3}},"type":"if","locations":[{"start":{"line":76,"column":2},"end":{"line":78,"column":3}},{"start":{},"end":{}}],"line":76},"1":{"loc":{"start":{"line":80,"column":2},"end":{"line":82,"column":3}},"type":"if","locations":[{"start":{"line":80,"column":2},"end":{"line":82,"column":3}},{"start":{},"end":{}}],"line":80},"2":{"loc":{"start":{"line":85,"column":2},"end":{"line":92,"column":3}},"type":"if","locations":[{"start":{"line":85,"column":2},"end":{"line":92,"column":3}},{"start":{},"end":{}}],"line":85},"3":{"loc":{"start":{"line":87,"column":4},"end":{"line":89,"column":5}},"type":"if","locations":[{"start":{"line":87,"column":4},"end":{"line":89,"column":5}},{"start":{},"end":{}}],"line":87},"4":{"loc":{"start":{"line":98,"column":2},"end":{"line":100,"column":3}},"type":"if","locations":[{"start":{"line":98,"column":2},"end":{"line":100,"column":3}},{"start":{},"end":{}}],"line":98},"5":{"loc":{"start":{"line":101,"column":2},"end":{"line":103,"column":3}},"type":"if","locations":[{"start":{"line":101,"column":2},"end":{"line":103,"column":3}},{"start":{},"end":{}}],"line":101},"6":{"loc":{"start":{"line":118,"column":2},"end":{"line":118,"column":96}},"type":"default-arg","locations":[{"start":{"line":118,"column":80},"end":{"line":118,"column":96}}],"line":118},"7":{"loc":{"start":{"line":120,"column":43},"end":{"line":120,"column":118}},"type":"cond-expr","locations":[{"start":{"line":120,"column":81},"end":{"line":120,"column":102}},{"start":{"line":120,"column":105},"end":{"line":120,"column":118}}],"line":120},"8":{"loc":{"start":{"line":131,"column":6},"end":{"line":135,"column":7}},"type":"if","locations":[{"start":{"line":131,"column":6},"end":{"line":135,"column":7}},{"start":{},"end":{}}],"line":131},"9":{"loc":{"start":{"line":136,"column":6},"end":{"line":140,"column":7}},"type":"if","locations":[{"start":{"line":136,"column":6},"end":{"line":140,"column":7}},{"start":{},"end":{}}],"line":136},"10":{"loc":{"start":{"line":141,"column":6},"end":{"line":146,"column":7}},"type":"if","locations":[{"start":{"line":141,"column":6},"end":{"line":146,"column":7}},{"start":{},"end":{}}],"line":141},"11":{"loc":{"start":{"line":141,"column":10},"end":{"line":141,"column":28}},"type":"binary-expr","locations":[{"start":{"line":141,"column":10},"end":{"line":141,"column":18}},{"start":{"line":141,"column":22},"end":{"line":141,"column":28}}],"line":141},"12":{"loc":{"start":{"line":159,"column":4},"end":{"line":176,"column":3}},"type":"if","locations":[{"start":{"line":159,"column":4},"end":{"line":176,"column":3}},{"start":{"line":171,"column":9},"end":{"line":176,"column":3}}],"line":159},"13":{"loc":{"start":{"line":161,"column":6},"end":{"line":166,"column":7}},"type":"if","locations":[{"start":{"line":161,"column":6},"end":{"line":166,"column":7}},{"start":{"line":164,"column":10},"end":{"line":166,"column":7}}],"line":161},"14":{"loc":{"start":{"line":171,"column":9},"end":{"line":176,"column":3}},"type":"if","locations":[{"start":{"line":171,"column":9},"end":{"line":176,"column":3}},{"start":{"line":174,"column":8},"end":{"line":176,"column":3}}],"line":171},"15":{"loc":{"start":{"line":183,"column":4},"end":{"line":188,"column":5}},"type":"if","locations":[{"start":{"line":183,"column":4},"end":{"line":188,"column":5}},{"start":{"line":186,"column":8},"end":{"line":188,"column":5}}],"line":183},"16":{"loc":{"start":{"line":199,"column":2},"end":{"line":213,"column":3}},"type":"if","locations":[{"start":{"line":199,"column":2},"end":{"line":213,"column":3}},{"start":{},"end":{}}],"line":199},"17":{"loc":{"start":{"line":200,"column":4},"end":{"line":204,"column":5}},"type":"if","locations":[{"start":{"line":200,"column":4},"end":{"line":204,"column":5}},{"start":{},"end":{}}],"line":200},"18":{"loc":{"start":{"line":216,"column":2},"end":{"line":486,"column":3}},"type":"switch","locations":[{"start":{"line":217,"column":4},"end":{"line":238,"column":5}},{"start":{"line":239,"column":4},"end":{"line":260,"column":5}},{"start":{"line":261,"column":4},"end":{"line":282,"column":5}},{"start":{"line":283,"column":4},"end":{"line":485,"column":5}}],"line":216},"19":{"loc":{"start":{"line":219,"column":6},"end":{"line":222,"column":7}},"type":"if","locations":[{"start":{"line":219,"column":6},"end":{"line":222,"column":7}},{"start":{},"end":{}}],"line":219},"20":{"loc":{"start":{"line":224,"column":6},"end":{"line":236,"column":7}},"type":"if","locations":[{"start":{"line":224,"column":6},"end":{"line":236,"column":7}},{"start":{"line":232,"column":11},"end":{"line":236,"column":7}}],"line":224},"21":{"loc":{"start":{"line":241,"column":6},"end":{"line":244,"column":7}},"type":"if","locations":[{"start":{"line":241,"column":6},"end":{"line":244,"column":7}},{"start":{},"end":{}}],"line":241},"22":{"loc":{"start":{"line":246,"column":6},"end":{"line":258,"column":7}},"type":"if","locations":[{"start":{"line":246,"column":6},"end":{"line":258,"column":7}},{"start":{"line":254,"column":11},"end":{"line":258,"column":7}}],"line":246},"23":{"loc":{"start":{"line":263,"column":6},"end":{"line":266,"column":7}},"type":"if","locations":[{"start":{"line":263,"column":6},"end":{"line":266,"column":7}},{"start":{},"end":{}}],"line":263},"24":{"loc":{"start":{"line":268,"column":6},"end":{"line":280,"column":7}},"type":"if","locations":[{"start":{"line":268,"column":6},"end":{"line":280,"column":7}},{"start":{"line":276,"column":11},"end":{"line":280,"column":7}}],"line":268},"25":{"loc":{"start":{"line":285,"column":6},"end":{"line":291,"column":7}},"type":"if","locations":[{"start":{"line":285,"column":6},"end":{"line":291,"column":7}},{"start":{},"end":{}}],"line":285},"26":{"loc":{"start":{"line":293,"column":6},"end":{"line":482,"column":7}},"type":"if","locations":[{"start":{"line":293,"column":6},"end":{"line":482,"column":7}},{"start":{"line":351,"column":11},"end":{"line":482,"column":7}}],"line":293},"27":{"loc":{"start":{"line":293,"column":10},"end":{"line":293,"column":66}},"type":"binary-expr","locations":[{"start":{"line":293,"column":10},"end":{"line":293,"column":37}},{"start":{"line":293,"column":41},"end":{"line":293,"column":66}}],"line":293},"28":{"loc":{"start":{"line":299,"column":10},"end":{"line":326,"column":11}},"type":"if","locations":[{"start":{"line":299,"column":10},"end":{"line":326,"column":11}},{"start":{"line":316,"column":15},"end":{"line":326,"column":11}}],"line":299},"29":{"loc":{"start":{"line":303,"column":14},"end":{"line":307,"column":15}},"type":"if","locations":[{"start":{"line":303,"column":14},"end":{"line":307,"column":15}},{"start":{},"end":{}}],"line":303},"30":{"loc":{"start":{"line":309,"column":14},"end":{"line":311,"column":15}},"type":"if","locations":[{"start":{"line":309,"column":14},"end":{"line":311,"column":15}},{"start":{},"end":{}}],"line":309},"31":{"loc":{"start":{"line":309,"column":18},"end":{"line":309,"column":128}},"type":"binary-expr","locations":[{"start":{"line":309,"column":18},"end":{"line":309,"column":56}},{"start":{"line":309,"column":60},"end":{"line":309,"column":84}},{"start":{"line":309,"column":88},"end":{"line":309,"column":128}}],"line":309},"32":{"loc":{"start":{"line":320,"column":14},"end":{"line":322,"column":15}},"type":"if","locations":[{"start":{"line":320,"column":14},"end":{"line":322,"column":15}},{"start":{},"end":{}}],"line":320},"33":{"loc":{"start":{"line":333,"column":10},"end":{"line":335,"column":11}},"type":"if","locations":[{"start":{"line":333,"column":10},"end":{"line":335,"column":11}},{"start":{},"end":{}}],"line":333},"34":{"loc":{"start":{"line":340,"column":12},"end":{"line":342,"column":13}},"type":"if","locations":[{"start":{"line":340,"column":12},"end":{"line":342,"column":13}},{"start":{},"end":{}}],"line":340},"35":{"loc":{"start":{"line":351,"column":11},"end":{"line":482,"column":7}},"type":"if","locations":[{"start":{"line":351,"column":11},"end":{"line":482,"column":7}},{"start":{"line":476,"column":11},"end":{"line":482,"column":7}}],"line":351},"36":{"loc":{"start":{"line":351,"column":15},"end":{"line":351,"column":179}},"type":"binary-expr","locations":[{"start":{"line":351,"column":15},"end":{"line":351,"column":36}},{"start":{"line":351,"column":40},"end":{"line":351,"column":66}},{"start":{"line":351,"column":70},"end":{"line":351,"column":89}},{"start":{"line":351,"column":93},"end":{"line":351,"column":117}},{"start":{"line":351,"column":121},"end":{"line":351,"column":149}},{"start":{"line":351,"column":153},"end":{"line":351,"column":179}}],"line":351},"37":{"loc":{"start":{"line":357,"column":10},"end":{"line":462,"column":11}},"type":"if","locations":[{"start":{"line":357,"column":10},"end":{"line":462,"column":11}},{"start":{"line":460,"column":17},"end":{"line":462,"column":11}}],"line":357},"38":{"loc":{"start":{"line":361,"column":12},"end":{"line":459,"column":13}},"type":"if","locations":[{"start":{"line":361,"column":12},"end":{"line":459,"column":13}},{"start":{"line":447,"column":19},"end":{"line":459,"column":13}}],"line":361},"39":{"loc":{"start":{"line":365,"column":14},"end":{"line":446,"column":15}},"type":"if","locations":[{"start":{"line":365,"column":14},"end":{"line":446,"column":15}},{"start":{"line":369,"column":19},"end":{"line":446,"column":15}}],"line":365},"40":{"loc":{"start":{"line":365,"column":18},"end":{"line":365,"column":68}},"type":"binary-expr","locations":[{"start":{"line":365,"column":18},"end":{"line":365,"column":40}},{"start":{"line":365,"column":44},"end":{"line":365,"column":68}}],"line":365},"41":{"loc":{"start":{"line":369,"column":19},"end":{"line":446,"column":15}},"type":"if","locations":[{"start":{"line":369,"column":19},"end":{"line":446,"column":15}},{"start":{"line":382,"column":19},"end":{"line":446,"column":15}}],"line":369},"42":{"loc":{"start":{"line":369,"column":23},"end":{"line":369,"column":161}},"type":"binary-expr","locations":[{"start":{"line":369,"column":23},"end":{"line":369,"column":59}},{"start":{"line":369,"column":64},"end":{"line":369,"column":160}}],"line":369},"43":{"loc":{"start":{"line":369,"column":64},"end":{"line":369,"column":160}},"type":"cond-expr","locations":[{"start":{"line":369,"column":98},"end":{"line":369,"column":128}},{"start":{"line":369,"column":131},"end":{"line":369,"column":160}}],"line":369},"44":{"loc":{"start":{"line":370,"column":12},"end":{"line":379,"column":17}},"type":"if","locations":[{"start":{"line":370,"column":12},"end":{"line":379,"column":17}},{"start":{"line":376,"column":21},"end":{"line":379,"column":17}}],"line":370},"45":{"loc":{"start":{"line":382,"column":19},"end":{"line":446,"column":15}},"type":"if","locations":[{"start":{"line":382,"column":19},"end":{"line":446,"column":15}},{"start":{"line":399,"column":19},"end":{"line":446,"column":15}}],"line":382},"46":{"loc":{"start":{"line":382,"column":23},"end":{"line":382,"column":94}},"type":"binary-expr","locations":[{"start":{"line":382,"column":23},"end":{"line":382,"column":59}},{"start":{"line":382,"column":63},"end":{"line":382,"column":94}}],"line":382},"47":{"loc":{"start":{"line":386,"column":18},"end":{"line":394,"column":19}},"type":"if","locations":[{"start":{"line":386,"column":18},"end":{"line":394,"column":19}},{"start":{},"end":{}}],"line":386},"48":{"loc":{"start":{"line":388,"column":20},"end":{"line":392,"column":21}},"type":"if","locations":[{"start":{"line":388,"column":20},"end":{"line":392,"column":21}},{"start":{},"end":{}}],"line":388},"49":{"loc":{"start":{"line":399,"column":19},"end":{"line":446,"column":15}},"type":"if","locations":[{"start":{"line":399,"column":19},"end":{"line":446,"column":15}},{"start":{"line":418,"column":21},"end":{"line":446,"column":15}}],"line":399},"50":{"loc":{"start":{"line":403,"column":18},"end":{"line":415,"column":19}},"type":"if","locations":[{"start":{"line":403,"column":18},"end":{"line":415,"column":19}},{"start":{},"end":{}}],"line":403},"51":{"loc":{"start":{"line":405,"column":20},"end":{"line":412,"column":21}},"type":"if","locations":[{"start":{"line":405,"column":20},"end":{"line":412,"column":21}},{"start":{"line":410,"column":24},"end":{"line":412,"column":21}}],"line":405},"52":{"loc":{"start":{"line":420,"column":16},"end":{"line":444,"column":17}},"type":"if","locations":[{"start":{"line":420,"column":16},"end":{"line":444,"column":17}},{"start":{"line":431,"column":21},"end":{"line":444,"column":17}}],"line":420},"53":{"loc":{"start":{"line":422,"column":18},"end":{"line":428,"column":19}},"type":"if","locations":[{"start":{"line":422,"column":18},"end":{"line":428,"column":19}},{"start":{"line":424,"column":25},"end":{"line":428,"column":19}}],"line":422},"54":{"loc":{"start":{"line":449,"column":14},"end":{"line":457,"column":15}},"type":"if","locations":[{"start":{"line":449,"column":14},"end":{"line":457,"column":15}},{"start":{"line":452,"column":21},"end":{"line":457,"column":15}}],"line":449},"55":{"loc":{"start":{"line":467,"column":10},"end":{"line":469,"column":11}},"type":"if","locations":[{"start":{"line":467,"column":10},"end":{"line":469,"column":11}},{"start":{},"end":{}}],"line":467},"56":{"loc":{"start":{"line":470,"column":10},"end":{"line":472,"column":11}},"type":"if","locations":[{"start":{"line":470,"column":10},"end":{"line":472,"column":11}},{"start":{},"end":{}}],"line":470},"57":{"loc":{"start":{"line":476,"column":11},"end":{"line":482,"column":7}},"type":"if","locations":[{"start":{"line":476,"column":11},"end":{"line":482,"column":7}},{"start":{"line":479,"column":11},"end":{"line":482,"column":7}}],"line":476},"58":{"loc":{"start":{"line":476,"column":15},"end":{"line":476,"column":57}},"type":"binary-expr","locations":[{"start":{"line":476,"column":15},"end":{"line":476,"column":35}},{"start":{"line":476,"column":39},"end":{"line":476,"column":57}}],"line":476},"59":{"loc":{"start":{"line":509,"column":2},"end":{"line":509,"column":34}},"type":"default-arg","locations":[{"start":{"line":509,"column":29},"end":{"line":509,"column":34}}],"line":509},"60":{"loc":{"start":{"line":510,"column":2},"end":{"line":510,"column":96}},"type":"default-arg","locations":[{"start":{"line":510,"column":80},"end":{"line":510,"column":96}}],"line":510},"61":{"loc":{"start":{"line":511,"column":2},"end":{"line":511,"column":25}},"type":"default-arg","locations":[{"start":{"line":511,"column":24},"end":{"line":511,"column":25}}],"line":511},"62":{"loc":{"start":{"line":523,"column":2},"end":{"line":525,"column":3}},"type":"if","locations":[{"start":{"line":523,"column":2},"end":{"line":525,"column":3}},{"start":{},"end":{}}],"line":523},"63":{"loc":{"start":{"line":523,"column":6},"end":{"line":523,"column":43}},"type":"binary-expr","locations":[{"start":{"line":523,"column":6},"end":{"line":523,"column":20}},{"start":{"line":523,"column":24},"end":{"line":523,"column":43}}],"line":523},"64":{"loc":{"start":{"line":560,"column":2},"end":{"line":586,"column":3}},"type":"if","locations":[{"start":{"line":560,"column":2},"end":{"line":586,"column":3}},{"start":{"line":579,"column":6},"end":{"line":586,"column":3}}],"line":560},"65":{"loc":{"start":{"line":561,"column":4},"end":{"line":577,"column":5}},"type":"if","locations":[{"start":{"line":561,"column":4},"end":{"line":577,"column":5}},{"start":{"line":575,"column":8},"end":{"line":577,"column":5}}],"line":561},"66":{"loc":{"start":{"line":561,"column":9},"end":{"line":561,"column":86}},"type":"binary-expr","locations":[{"start":{"line":561,"column":9},"end":{"line":561,"column":20}},{"start":{"line":561,"column":24},"end":{"line":561,"column":39}},{"start":{"line":561,"column":44},"end":{"line":561,"column":58}},{"start":{"line":561,"column":62},"end":{"line":561,"column":85}}],"line":561},"67":{"loc":{"start":{"line":571,"column":6},"end":{"line":573,"column":7}},"type":"if","locations":[{"start":{"line":571,"column":6},"end":{"line":573,"column":7}},{"start":{},"end":{}}],"line":571},"68":{"loc":{"start":{"line":659,"column":10},"end":{"line":664,"column":11}},"type":"if","locations":[{"start":{"line":659,"column":10},"end":{"line":664,"column":11}},{"start":{},"end":{}}],"line":659},"69":{"loc":{"start":{"line":660,"column":12},"end":{"line":661,"column":88}},"type":"binary-expr","locations":[{"start":{"line":660,"column":12},"end":{"line":660,"column":67}},{"start":{"line":661,"column":10},"end":{"line":661,"column":31}},{"start":{"line":661,"column":35},"end":{"line":661,"column":50}},{"start":{"line":661,"column":55},"end":{"line":661,"column":88}}],"line":660},"70":{"loc":{"start":{"line":665,"column":10},"end":{"line":788,"column":11}},"type":"if","locations":[{"start":{"line":665,"column":10},"end":{"line":788,"column":11}},{"start":{"line":725,"column":17},"end":{"line":788,"column":11}}],"line":665},"71":{"loc":{"start":{"line":665,"column":14},"end":{"line":665,"column":30}},"type":"binary-expr","locations":[{"start":{"line":665,"column":14},"end":{"line":665,"column":19}},{"start":{"line":665,"column":23},"end":{"line":665,"column":30}}],"line":665},"72":{"loc":{"start":{"line":666,"column":12},"end":{"line":668,"column":13}},"type":"if","locations":[{"start":{"line":666,"column":12},"end":{"line":668,"column":13}},{"start":{},"end":{}}],"line":666},"73":{"loc":{"start":{"line":669,"column":12},"end":{"line":724,"column":13}},"type":"if","locations":[{"start":{"line":669,"column":12},"end":{"line":724,"column":13}},{"start":{"line":719,"column":19},"end":{"line":724,"column":13}}],"line":669},"74":{"loc":{"start":{"line":673,"column":27},"end":{"line":673,"column":38}},"type":"binary-expr","locations":[{"start":{"line":673,"column":27},"end":{"line":673,"column":31}},{"start":{"line":673,"column":35},"end":{"line":673,"column":38}}],"line":673},"75":{"loc":{"start":{"line":680,"column":14},"end":{"line":718,"column":15}},"type":"if","locations":[{"start":{"line":680,"column":14},"end":{"line":718,"column":15}},{"start":{},"end":{}}],"line":680},"76":{"loc":{"start":{"line":680,"column":18},"end":{"line":680,"column":44}},"type":"binary-expr","locations":[{"start":{"line":680,"column":18},"end":{"line":680,"column":26}},{"start":{"line":680,"column":30},"end":{"line":680,"column":44}}],"line":680},"77":{"loc":{"start":{"line":682,"column":16},"end":{"line":684,"column":17}},"type":"if","locations":[{"start":{"line":682,"column":16},"end":{"line":684,"column":17}},{"start":{},"end":{}}],"line":682},"78":{"loc":{"start":{"line":682,"column":20},"end":{"line":682,"column":103}},"type":"binary-expr","locations":[{"start":{"line":682,"column":20},"end":{"line":682,"column":69}},{"start":{"line":682,"column":73},"end":{"line":682,"column":103}}],"line":682},"79":{"loc":{"start":{"line":686,"column":16},"end":{"line":717,"column":17}},"type":"if","locations":[{"start":{"line":686,"column":16},"end":{"line":717,"column":17}},{"start":{},"end":{}}],"line":686},"80":{"loc":{"start":{"line":706,"column":18},"end":{"line":716,"column":19}},"type":"if","locations":[{"start":{"line":706,"column":18},"end":{"line":716,"column":19}},{"start":{"line":708,"column":25},"end":{"line":716,"column":19}}],"line":706},"81":{"loc":{"start":{"line":754,"column":12},"end":{"line":776,"column":13}},"type":"if","locations":[{"start":{"line":754,"column":12},"end":{"line":776,"column":13}},{"start":{"line":764,"column":17},"end":{"line":776,"column":13}}],"line":754},"82":{"loc":{"start":{"line":754,"column":16},"end":{"line":754,"column":84}},"type":"binary-expr","locations":[{"start":{"line":754,"column":16},"end":{"line":754,"column":49}},{"start":{"line":754,"column":53},"end":{"line":754,"column":84}}],"line":754},"83":{"loc":{"start":{"line":764,"column":17},"end":{"line":776,"column":13}},"type":"if","locations":[{"start":{"line":764,"column":17},"end":{"line":776,"column":13}},{"start":{},"end":{}}],"line":764}},"s":{"0":1,"1":1,"2":84,"3":0,"4":84,"5":84,"6":0,"7":84,"8":84,"9":96,"10":84,"11":6,"12":6,"13":0,"14":0,"15":78,"16":78,"17":78,"18":6,"19":78,"20":6,"21":78,"22":1,"23":12,"24":12,"25":12,"26":60,"27":60,"28":18,"29":18,"30":18,"31":60,"32":24,"33":24,"34":24,"35":60,"36":18,"37":18,"38":18,"39":18,"40":60,"41":12,"42":0,"43":0,"44":0,"45":0,"46":0,"47":0,"48":0,"49":0,"50":0,"51":0,"52":0,"53":0,"54":0,"55":0,"56":0,"57":0,"58":0,"59":0,"60":0,"61":0,"62":0,"63":0,"64":0,"65":0,"66":0,"67":0,"68":0,"69":0,"70":0,"71":0,"72":0,"73":0,"74":0,"75":0,"76":0,"77":0,"78":0,"79":0,"80":0,"81":0,"82":0,"83":0,"84":0,"85":0,"86":0,"87":0,"88":0,"89":0,"90":0,"91":0,"92":0,"93":0,"94":0,"95":0,"96":0,"97":0,"98":0,"99":0,"100":0,"101":0,"102":0,"103":0,"104":0,"105":0,"106":0,"107":0,"108":0,"109":0,"110":0,"111":0,"112":0,"113":0,"114":0,"115":0,"116":0,"117":0,"118":0,"119":0,"120":0,"121":0,"122":0,"123":0,"124":0,"125":0,"126":0,"127":0,"128":0,"129":0,"130":0,"131":0,"132":0,"133":0,"134":0,"135":0,"136":0,"137":0,"138":0,"139":0,"140":0,"141":0,"142":0,"143":0,"144":0,"145":0,"146":0,"147":0,"148":0,"149":0,"150":0,"151":0,"152":0,"153":0,"154":0,"155":0,"156":0,"157":0,"158":0,"159":0,"160":0,"161":0,"162":0,"163":0,"164":0,"165":0,"166":0,"167":0,"168":0,"169":0,"170":0,"171":0,"172":0,"173":0,"174":0,"175":0,"176":0,"177":0,"178":0,"179":0,"180":0,"181":0,"182":0,"183":0,"184":0,"185":0,"186":0,"187":0,"188":0,"189":0,"190":0,"191":0,"192":0,"193":0,"194":0,"195":0,"196":0,"197":0,"198":0,"199":0,"200":0,"201":0,"202":0,"203":0,"204":0,"205":1,"206":6,"207":6,"208":0,"209":6,"210":6,"211":0,"212":0,"213":6,"214":6,"215":6,"216":6,"217":0,"218":0,"219":0,"220":6,"221":6,"222":6,"223":6,"224":6,"225":6,"226":6,"227":48,"228":48,"229":66,"230":66,"231":66,"232":12,"233":54,"234":30,"235":18,"236":30,"237":18,"238":18,"239":18,"240":18,"241":18,"242":18,"243":18,"244":18,"245":6,"246":18,"247":12,"248":12,"249":12,"250":12,"251":12,"252":0,"253":12,"254":12,"255":12,"256":12,"257":12,"258":12,"259":12,"260":24,"261":24,"262":24,"263":24,"264":24,"265":24,"266":24,"267":24,"268":24,"269":0,"270":0,"271":0,"272":0,"273":0,"274":0,"275":0,"276":0,"277":0,"278":0,"279":0,"280":54,"281":54,"282":6,"283":36,"284":6},"f":{"0":84,"1":96,"2":12,"3":60,"4":0,"5":0,"6":0,"7":0,"8":0,"9":0,"10":0,"11":0,"12":0,"13":0,"14":0,"15":0,"16":0,"17":0,"18":0,"19":0,"20":6,"21":48,"22":66,"23":36},"b":{"0":[0,84],"1":[0,84],"2":[6,78],"3":[6,0],"4":[6,72],"5":[6,72],"6":[0],"7":[12,0],"8":[18,42],"9":[24,36],"10":[18,42],"11":[60,36],"12":[0,0],"13":[0,0],"14":[0,0],"15":[0,0],"16":[0,0],"17":[0,0],"18":[0,0,0,0],"19":[0,0],"20":[0,0],"21":[0,0],"22":[0,0],"23":[0,0],"24":[0,0],"25":[0,0],"26":[0,0],"27":[0,0],"28":[0,0],"29":[0,0],"30":[0,0],"31":[0,0,0],"32":[0,0],"33":[0,0],"34":[0,0],"35":[0,0],"36":[0,0,0,0,0,0],"37":[0,0],"38":[0,0],"39":[0,0],"40":[0,0],"41":[0,0],"42":[0,0],"43":[0,0],"44":[0,0],"45":[0,0],"46":[0,0],"47":[0,0],"48":[0,0],"49":[0,0],"50":[0,0],"51":[0,0],"52":[0,0],"53":[0,0],"54":[0,0],"55":[0,0],"56":[0,0],"57":[0,0],"58":[0,0],"59":[0],"60":[0],"61":[0],"62":[0,6],"63":[6,6],"64":[6,0],"65":[6,0],"66":[6,6,0,0],"67":[0,6],"68":[12,54],"69":[66,54,0,54],"70":[30,24],"71":[54,42],"72":[18,12],"73":[18,12],"74":[18,0],"75":[18,0],"76":[18,18],"77":[6,12],"78":[18,12],"79":[12,6],"80":[0,12],"81":[24,0],"82":[24,24],"83":[0,0]},"_coverageSchema":"1a1c01bbd47fc00a2c39e90264f33305004495a9","hash":"bd8531f624f3038c849f9500cef68df4625a3388"}
,"/Users/neha/open-source/react-diff-viewer/src/index.tsx": {"path":"/Users/neha/open-source/react-diff-viewer/src/index.tsx","statementMap":{"0":{"start":{"line":18,"column":10},"end":{"line":18,"column":32}},"1":{"start":{"line":20,"column":16},"end":{"line":20,"column":30}},"2":{"start":{"line":93,"column":52},"end":{"line":107,"column":2}},"3":{"start":{"line":109,"column":27},"end":{"line":126,"column":2}},"4":{"start":{"line":129,"column":4},"end":{"line":129,"column":17}},"5":{"start":{"line":131,"column":4},"end":{"line":133,"column":6}},"6":{"start":{"line":140,"column":27},"end":{"line":148,"column":3}},"7":{"start":{"line":141,"column":4},"end":{"line":146,"column":5}},"8":{"start":{"line":142,"column":6},"end":{"line":144,"column":9}},"9":{"start":{"line":145,"column":6},"end":{"line":145,"column":18}},"10":{"start":{"line":147,"column":4},"end":{"line":147,"column":17}},"11":{"start":{"line":154,"column":26},"end":{"line":161,"column":3}},"12":{"start":{"line":155,"column":22},"end":{"line":155,"column":55}},"13":{"start":{"line":156,"column":4},"end":{"line":156,"column":23}},"14":{"start":{"line":158,"column":4},"end":{"line":160,"column":7}},"15":{"start":{"line":172,"column":31},"end":{"line":172,"column":53}},"16":{"start":{"line":180,"column":35},"end":{"line":185,"column":3}},"17":{"start":{"line":181,"column":4},"end":{"line":183,"column":5}},"18":{"start":{"line":182,"column":6},"end":{"line":182,"column":67}},"19":{"start":{"line":182,"column":31},"end":{"line":182,"column":66}},"20":{"start":{"line":184,"column":4},"end":{"line":184,"column":26}},"21":{"start":{"line":193,"column":27},"end":{"line":210,"column":3}},"22":{"start":{"line":197,"column":4},"end":{"line":209,"column":7}},"23":{"start":{"line":198,"column":6},"end":{"line":208,"column":8}},"24":{"start":{"line":225,"column":23},"end":{"line":317,"column":3}},"25":{"start":{"line":233,"column":31},"end":{"line":233,"column":56}},"26":{"start":{"line":234,"column":41},"end":{"line":234,"column":86}},"27":{"start":{"line":236,"column":6},"end":{"line":237,"column":70}},"28":{"start":{"line":238,"column":18},"end":{"line":238,"column":41}},"29":{"start":{"line":239,"column":20},"end":{"line":239,"column":45}},"30":{"start":{"line":241,"column":4},"end":{"line":247,"column":5}},"31":{"start":{"line":242,"column":6},"end":{"line":242,"column":69}},"32":{"start":{"line":243,"column":11},"end":{"line":247,"column":5}},"33":{"start":{"line":244,"column":6},"end":{"line":244,"column":48}},"34":{"start":{"line":246,"column":6},"end":{"line":246,"column":22}},"35":{"start":{"line":249,"column":4},"end":{"line":316,"column":6}},"36":{"start":{"line":327,"column":28},"end":{"line":347,"column":3}},"37":{"start":{"line":331,"column":4},"end":{"line":346,"column":6}},"38":{"start":{"line":357,"column":28},"end":{"line":420,"column":3}},"39":{"start":{"line":362,"column":4},"end":{"line":385,"column":5}},"40":{"start":{"line":363,"column":6},"end":{"line":384,"column":8}},"41":{"start":{"line":386,"column":4},"end":{"line":394,"column":5}},"42":{"start":{"line":387,"column":6},"end":{"line":393,"column":8}},"43":{"start":{"line":395,"column":4},"end":{"line":404,"column":5}},"44":{"start":{"line":396,"column":6},"end":{"line":403,"column":8}},"45":{"start":{"line":405,"column":4},"end":{"line":413,"column":5}},"46":{"start":{"line":406,"column":6},"end":{"line":412,"column":8}},"47":{"start":{"line":415,"column":4},"end":{"line":419,"column":6}},"48":{"start":{"line":428,"column":4},"end":{"line":430,"column":28}},"49":{"start":{"line":429,"column":4},"end":{"line":430,"column":28}},"50":{"start":{"line":430,"column":6},"end":{"line":430,"column":28}},"51":{"start":{"line":441,"column":39},"end":{"line":498,"column":2}},"52":{"start":{"line":447,"column":43},"end":{"line":447,"column":53}},"53":{"start":{"line":448,"column":20},"end":{"line":456,"column":5}},"54":{"start":{"line":458,"column":6},"end":{"line":462,"column":11}},"55":{"start":{"line":464,"column":44},"end":{"line":464,"column":74}},"56":{"start":{"line":465,"column":4},"end":{"line":497,"column":4}},"57":{"start":{"line":503,"column":22},"end":{"line":576,"column":3}},"58":{"start":{"line":512,"column":6},"end":{"line":512,"column":16}},"59":{"start":{"line":513,"column":41},"end":{"line":520,"column":3}},"60":{"start":{"line":522,"column":3},"end":{"line":524,"column":42}},"61":{"start":{"line":525,"column":31},"end":{"line":525,"column":33}},"62":{"start":{"line":526,"column":2},"end":{"line":575,"column":6}},"63":{"start":{"line":528,"column":27},"end":{"line":528,"column":39}},"64":{"start":{"line":529,"column":28},"end":{"line":529,"column":46}},"65":{"start":{"line":530,"column":4},"end":{"line":552,"column":5}},"66":{"start":{"line":531,"column":5},"end":{"line":534,"column":6}},"67":{"start":{"line":532,"column":6},"end":{"line":532,"column":24}},"68":{"start":{"line":533,"column":6},"end":{"line":533,"column":24}},"69":{"start":{"line":535,"column":5},"end":{"line":551,"column":6}},"70":{"start":{"line":541,"column":6},"end":{"line":541,"column":31}},"71":{"start":{"line":542,"column":6},"end":{"line":549,"column":7}},"72":{"start":{"line":543,"column":7},"end":{"line":548,"column":9}},"73":{"start":{"line":550,"column":6},"end":{"line":550,"column":18}},"74":{"start":{"line":554,"column":26},"end":{"line":556,"column":42}},"75":{"start":{"line":558,"column":8},"end":{"line":572,"column":9}},"76":{"start":{"line":559,"column":29},"end":{"line":559,"column":41}},"77":{"start":{"line":560,"column":10},"end":{"line":560,"column":28}},"78":{"start":{"line":561,"column":10},"end":{"line":571,"column":12}},"79":{"start":{"line":573,"column":8},"end":{"line":573,"column":25}},"80":{"start":{"line":578,"column":18},"end":{"line":633,"column":3}},"81":{"start":{"line":587,"column":8},"end":{"line":587,"column":18}},"82":{"start":{"line":589,"column":4},"end":{"line":591,"column":5}},"83":{"start":{"line":590,"column":6},"end":{"line":590,"column":65}},"84":{"start":{"line":593,"column":4},"end":{"line":593,"column":70}},"85":{"start":{"line":594,"column":18},"end":{"line":594,"column":35}},"86":{"start":{"line":595,"column":31},"end":{"line":595,"column":54}},"87":{"start":{"line":596,"column":32},"end":{"line":596,"column":55}},"88":{"start":{"line":597,"column":26},"end":{"line":597,"column":57}},"89":{"start":{"line":599,"column":18},"end":{"line":619,"column":5}},"90":{"start":{"line":621,"column":4},"end":{"line":632,"column":6}}},"fnMap":{"0":{"name":"(anonymous_0)","decl":{"start":{"line":128,"column":2},"end":{"line":128,"column":3}},"loc":{"start":{"line":128,"column":50},"end":{"line":134,"column":3}},"line":128},"1":{"name":"(anonymous_1)","decl":{"start":{"line":140,"column":27},"end":{"line":140,"column":28}},"loc":{"start":{"line":140,"column":42},"end":{"line":148,"column":3}},"line":140},"2":{"name":"(anonymous_2)","decl":{"start":{"line":154,"column":26},"end":{"line":154,"column":27}},"loc":{"start":{"line":154,"column":48},"end":{"line":161,"column":3}},"line":154},"3":{"name":"(anonymous_3)","decl":{"start":{"line":180,"column":35},"end":{"line":180,"column":36}},"loc":{"start":{"line":180,"column":56},"end":{"line":185,"column":3}},"line":180},"4":{"name":"(anonymous_4)","decl":{"start":{"line":182,"column":13},"end":{"line":182,"column":14}},"loc":{"start":{"line":182,"column":31},"end":{"line":182,"column":66}},"line":182},"5":{"name":"(anonymous_5)","decl":{"start":{"line":184,"column":11},"end":{"line":184,"column":12}},"loc":{"start":{"line":184,"column":23},"end":{"line":184,"column":25}},"line":184},"6":{"name":"(anonymous_6)","decl":{"start":{"line":193,"column":27},"end":{"line":193,"column":28}},"loc":{"start":{"line":196,"column":22},"end":{"line":210,"column":3}},"line":196},"7":{"name":"(anonymous_7)","decl":{"start":{"line":197,"column":25},"end":{"line":197,"column":26}},"loc":{"start":{"line":197,"column":55},"end":{"line":209,"column":5}},"line":197},"8":{"name":"(anonymous_8)","decl":{"start":{"line":225,"column":23},"end":{"line":225,"column":24}},"loc":{"start":{"line":232,"column":20},"end":{"line":317,"column":3}},"line":232},"9":{"name":"(anonymous_9)","decl":{"start":{"line":327,"column":28},"end":{"line":327,"column":29}},"loc":{"start":{"line":330,"column":20},"end":{"line":347,"column":3}},"line":330},"10":{"name":"(anonymous_10)","decl":{"start":{"line":357,"column":28},"end":{"line":357,"column":29}},"loc":{"start":{"line":360,"column":20},"end":{"line":420,"column":3}},"line":360},"11":{"name":"(anonymous_11)","decl":{"start":{"line":428,"column":4},"end":{"line":428,"column":5}},"loc":{"start":{"line":429,"column":4},"end":{"line":430,"column":28}},"line":429},"12":{"name":"(anonymous_12)","decl":{"start":{"line":429,"column":4},"end":{"line":429,"column":5}},"loc":{"start":{"line":430,"column":6},"end":{"line":430,"column":28}},"line":430},"13":{"name":"(anonymous_13)","decl":{"start":{"line":441,"column":39},"end":{"line":441,"column":40}},"loc":{"start":{"line":446,"column":20},"end":{"line":498,"column":2}},"line":446},"14":{"name":"(anonymous_14)","decl":{"start":{"line":503,"column":22},"end":{"line":503,"column":23}},"loc":{"start":{"line":503,"column":43},"end":{"line":576,"column":3}},"line":503},"15":{"name":"(anonymous_15)","decl":{"start":{"line":527,"column":3},"end":{"line":527,"column":4}},"loc":{"start":{"line":527,"column":54},"end":{"line":574,"column":7}},"line":527},"16":{"name":"(anonymous_16)","decl":{"start":{"line":578,"column":18},"end":{"line":578,"column":19}},"loc":{"start":{"line":578,"column":37},"end":{"line":633,"column":3}},"line":578}},"branchMap":{"0":{"loc":{"start":{"line":20,"column":16},"end":{"line":20,"column":30}},"type":"binary-expr","locations":[{"start":{"line":20,"column":16},"end":{"line":20,"column":25}},{"start":{"line":20,"column":29},"end":{"line":20,"column":30}}],"line":20},"1":{"loc":{"start":{"line":141,"column":4},"end":{"line":146,"column":5}},"type":"if","locations":[{"start":{"line":141,"column":4},"end":{"line":146,"column":5}},{"start":{},"end":{}}],"line":141},"2":{"loc":{"start":{"line":181,"column":4},"end":{"line":183,"column":5}},"type":"if","locations":[{"start":{"line":181,"column":4},"end":{"line":183,"column":5}},{"start":{},"end":{}}],"line":181},"3":{"loc":{"start":{"line":206,"column":11},"end":{"line":206,"column":73}},"type":"cond-expr","locations":[{"start":{"line":206,"column":22},"end":{"line":206,"column":56}},{"start":{"line":206,"column":59},"end":{"line":206,"column":73}}],"line":206},"4":{"loc":{"start":{"line":236,"column":6},"end":{"line":237,"column":70}},"type":"binary-expr","locations":[{"start":{"line":236,"column":6},"end":{"line":236,"column":60}},{"start":{"line":237,"column":6},"end":{"line":237,"column":70}}],"line":236},"5":{"loc":{"start":{"line":241,"column":4},"end":{"line":247,"column":5}},"type":"if","locations":[{"start":{"line":241,"column":4},"end":{"line":247,"column":5}},{"start":{"line":243,"column":11},"end":{"line":247,"column":5}}],"line":241},"6":{"loc":{"start":{"line":243,"column":11},"end":{"line":247,"column":5}},"type":"if","locations":[{"start":{"line":243,"column":11},"end":{"line":247,"column":5}},{"start":{"line":245,"column":11},"end":{"line":247,"column":5}}],"line":243},"7":{"loc":{"start":{"line":251,"column":9},"end":{"line":265,"column":9}},"type":"binary-expr","locations":[{"start":{"line":251,"column":9},"end":{"line":251,"column":36}},{"start":{"line":252,"column":10},"end":{"line":264,"column":15}}],"line":251},"8":{"loc":{"start":{"line":254,"column":14},"end":{"line":254,"column":75}},"type":"binary-expr","locations":[{"start":{"line":254,"column":14},"end":{"line":254,"column":24}},{"start":{"line":254,"column":28},"end":{"line":254,"column":75}}],"line":254},"9":{"loc":{"start":{"line":266,"column":9},"end":{"line":280,"column":9}},"type":"binary-expr","locations":[{"start":{"line":266,"column":9},"end":{"line":266,"column":30}},{"start":{"line":266,"column":34},"end":{"line":266,"column":61}},{"start":{"line":267,"column":10},"end":{"line":279,"column":15}}],"line":266},"10":{"loc":{"start":{"line":269,"column":14},"end":{"line":269,"column":95}},"type":"binary-expr","locations":[{"start":{"line":269,"column":14},"end":{"line":269,"column":34}},{"start":{"line":269,"column":38},"end":{"line":269,"column":95}}],"line":269},"11":{"loc":{"start":{"line":281,"column":9},"end":{"line":291,"column":16}},"type":"cond-expr","locations":[{"start":{"line":282,"column":12},"end":{"line":290,"column":14}},{"start":{"line":291,"column":12},"end":{"line":291,"column":16}}],"line":281},"12":{"loc":{"start":{"line":301,"column":13},"end":{"line":301,"column":25}},"type":"binary-expr","locations":[{"start":{"line":301,"column":13},"end":{"line":301,"column":18}},{"start":{"line":301,"column":22},"end":{"line":301,"column":25}}],"line":301},"13":{"loc":{"start":{"line":302,"column":13},"end":{"line":302,"column":27}},"type":"binary-expr","locations":[{"start":{"line":302,"column":13},"end":{"line":302,"column":20}},{"start":{"line":302,"column":24},"end":{"line":302,"column":27}}],"line":302},"14":{"loc":{"start":{"line":362,"column":4},"end":{"line":385,"column":5}},"type":"if","locations":[{"start":{"line":362,"column":4},"end":{"line":385,"column":5}},{"start":{},"end":{}}],"line":362},"15":{"loc":{"start":{"line":362,"column":8},"end":{"line":362,"column":71}},"type":"binary-expr","locations":[{"start":{"line":362,"column":8},"end":{"line":362,"column":38}},{"start":{"line":362,"column":42},"end":{"line":362,"column":71}}],"line":362},"16":{"loc":{"start":{"line":386,"column":4},"end":{"line":394,"column":5}},"type":"if","locations":[{"start":{"line":386,"column":4},"end":{"line":394,"column":5}},{"start":{},"end":{}}],"line":386},"17":{"loc":{"start":{"line":395,"column":4},"end":{"line":404,"column":5}},"type":"if","locations":[{"start":{"line":395,"column":4},"end":{"line":404,"column":5}},{"start":{},"end":{}}],"line":395},"18":{"loc":{"start":{"line":405,"column":4},"end":{"line":413,"column":5}},"type":"if","locations":[{"start":{"line":405,"column":4},"end":{"line":413,"column":5}},{"start":{},"end":{}}],"line":405},"19":{"loc":{"start":{"line":448,"column":20},"end":{"line":456,"column":5}},"type":"cond-expr","locations":[{"start":{"line":449,"column":6},"end":{"line":453,"column":7}},{"start":{"line":455,"column":6},"end":{"line":455,"column":79}}],"line":448},"20":{"loc":{"start":{"line":464,"column":44},"end":{"line":464,"column":74}},"type":"binary-expr","locations":[{"start":{"line":464,"column":44},"end":{"line":464,"column":54}},{"start":{"line":464,"column":58},"end":{"line":464,"column":74}}],"line":464},"21":{"loc":{"start":{"line":470,"column":9},"end":{"line":470,"column":74}},"type":"binary-expr","locations":[{"start":{"line":470,"column":9},"end":{"line":470,"column":25}},{"start":{"line":470,"column":29},"end":{"line":470,"column":74}}],"line":470},"22":{"loc":{"start":{"line":471,"column":9},"end":{"line":473,"column":16}},"type":"cond-expr","locations":[{"start":{"line":472,"column":10},"end":{"line":472,"column":55}},{"start":{"line":473,"column":12},"end":{"line":473,"column":16}}],"line":471},"23":{"loc":{"start":{"line":481,"column":9},"end":{"line":492,"column":9}},"type":"cond-expr","locations":[{"start":{"line":482,"column":10},"end":{"line":485,"column":27}},{"start":{"line":487,"column":10},"end":{"line":491,"column":27}}],"line":481},"24":{"loc":{"start":{"line":489,"column":13},"end":{"line":489,"column":52}},"type":"cond-expr","locations":[{"start":{"line":489,"column":39},"end":{"line":489,"column":45}},{"start":{"line":489,"column":48},"end":{"line":489,"column":52}}],"line":489},"25":{"loc":{"start":{"line":522,"column":3},"end":{"line":524,"column":42}},"type":"cond-expr","locations":[{"start":{"line":523,"column":6},"end":{"line":523,"column":7}},{"start":{"line":524,"column":6},"end":{"line":524,"column":42}}],"line":522},"26":{"loc":{"start":{"line":530,"column":4},"end":{"line":552,"column":5}},"type":"if","locations":[{"start":{"line":530,"column":4},"end":{"line":552,"column":5}},{"start":{},"end":{}}],"line":530},"27":{"loc":{"start":{"line":531,"column":5},"end":{"line":534,"column":6}},"type":"if","locations":[{"start":{"line":531,"column":5},"end":{"line":534,"column":6}},{"start":{},"end":{}}],"line":531},"28":{"loc":{"start":{"line":535,"column":5},"end":{"line":551,"column":6}},"type":"if","locations":[{"start":{"line":535,"column":5},"end":{"line":551,"column":6}},{"start":{},"end":{}}],"line":535},"29":{"loc":{"start":{"line":536,"column":6},"end":{"line":539,"column":57}},"type":"binary-expr","locations":[{"start":{"line":536,"column":6},"end":{"line":536,"column":41}},{"start":{"line":537,"column":7},"end":{"line":537,"column":35}},{"start":{"line":538,"column":7},"end":{"line":538,"column":44}},{"start":{"line":539,"column":6},"end":{"line":539,"column":57}}],"line":536},"30":{"loc":{"start":{"line":542,"column":6},"end":{"line":549,"column":7}},"type":"if","locations":[{"start":{"line":542,"column":6},"end":{"line":549,"column":7}},{"start":{},"end":{}}],"line":542},"31":{"loc":{"start":{"line":542,"column":10},"end":{"line":542,"column":69}},"type":"binary-expr","locations":[{"start":{"line":542,"column":10},"end":{"line":542,"column":42}},{"start":{"line":542,"column":46},"end":{"line":542,"column":69}}],"line":542},"32":{"loc":{"start":{"line":554,"column":26},"end":{"line":556,"column":42}},"type":"cond-expr","locations":[{"start":{"line":555,"column":12},"end":{"line":555,"column":41}},{"start":{"line":556,"column":12},"end":{"line":556,"column":42}}],"line":554},"33":{"loc":{"start":{"line":558,"column":8},"end":{"line":572,"column":9}},"type":"if","locations":[{"start":{"line":558,"column":8},"end":{"line":572,"column":9}},{"start":{},"end":{}}],"line":558},"34":{"loc":{"start":{"line":558,"column":12},"end":{"line":558,"column":69}},"type":"binary-expr","locations":[{"start":{"line":558,"column":12},"end":{"line":558,"column":42}},{"start":{"line":558,"column":46},"end":{"line":558,"column":69}}],"line":558},"35":{"loc":{"start":{"line":589,"column":4},"end":{"line":591,"column":5}},"type":"if","locations":[{"start":{"line":589,"column":4},"end":{"line":591,"column":5}},{"start":{},"end":{}}],"line":589},"36":{"loc":{"start":{"line":589,"column":8},"end":{"line":589,"column":68}},"type":"binary-expr","locations":[{"start":{"line":589,"column":8},"end":{"line":589,"column":36}},{"start":{"line":589,"column":40},"end":{"line":589,"column":68}}],"line":589},"37":{"loc":{"start":{"line":595,"column":31},"end":{"line":595,"column":54}},"type":"cond-expr","locations":[{"start":{"line":595,"column":49},"end":{"line":595,"column":50}},{"start":{"line":595,"column":53},"end":{"line":595,"column":54}}],"line":595},"38":{"loc":{"start":{"line":596,"column":32},"end":{"line":596,"column":55}},"type":"cond-expr","locations":[{"start":{"line":596,"column":50},"end":{"line":596,"column":51}},{"start":{"line":596,"column":54},"end":{"line":596,"column":55}}],"line":596},"39":{"loc":{"start":{"line":597,"column":26},"end":{"line":597,"column":57}},"type":"cond-expr","locations":[{"start":{"line":597,"column":52},"end":{"line":597,"column":53}},{"start":{"line":597,"column":56},"end":{"line":597,"column":57}}],"line":597},"40":{"loc":{"start":{"line":599,"column":18},"end":{"line":619,"column":5}},"type":"binary-expr","locations":[{"start":{"line":599,"column":19},"end":{"line":599,"column":28}},{"start":{"line":599,"column":32},"end":{"line":599,"column":42}},{"start":{"line":600,"column":6},"end":{"line":618,"column":11}}],"line":599},"41":{"loc":{"start":{"line":603,"column":13},"end":{"line":603,"column":65}},"type":"cond-expr","locations":[{"start":{"line":603,"column":25},"end":{"line":603,"column":43}},{"start":{"line":603,"column":46},"end":{"line":603,"column":65}}],"line":603},"42":{"loc":{"start":{"line":610,"column":9},"end":{"line":617,"column":9}},"type":"binary-expr","locations":[{"start":{"line":610,"column":9},"end":{"line":610,"column":18}},{"start":{"line":611,"column":10},"end":{"line":616,"column":15}}],"line":610}},"s":{"0":1,"1":1,"2":1,"3":1,"4":7,"5":6,"6":6,"7":0,"8":0,"9":0,"10":0,"11":6,"12":0,"13":0,"14":0,"15":6,"16":6,"17":6,"18":0,"19":0,"20":6,"21":6,"22":0,"23":0,"24":6,"25":6,"26":6,"27":6,"28":6,"29":6,"30":6,"31":0,"32":6,"33":0,"34":6,"35":6,"36":6,"37":4,"38":6,"39":2,"40":0,"41":2,"42":0,"43":2,"44":2,"45":0,"46":0,"47":0,"48":6,"49":0,"50":0,"51":6,"52":0,"53":0,"54":0,"55":0,"56":0,"57":6,"58":6,"59":6,"60":6,"61":6,"62":6,"63":12,"64":12,"65":12,"66":12,"67":0,"68":0,"69":12,"70":6,"71":6,"72":0,"73":6,"74":6,"75":0,"76":0,"77":0,"78":0,"79":0,"80":6,"81":6,"82":6,"83":0,"84":6,"85":6,"86":0,"87":0,"88":0,"89":0,"90":0},"f":{"0":7,"1":0,"2":0,"3":6,"4":0,"5":0,"6":0,"7":0,"8":6,"9":4,"10":2,"11":0,"12":0,"13":0,"14":6,"15":12,"16":6},"b":{"0":[1,1],"1":[0,0],"2":[0,6],"3":[0,0],"4":[6,6],"5":[0,6],"6":[0,6],"7":[6,6],"8":[6,6],"9":[0,0,0],"10":[0,0],"11":[0,0],"12":[0,0],"13":[0,0],"14":[0,2],"15":[2,0],"16":[0,2],"17":[2,0],"18":[0,0],"19":[0,0],"20":[0,0],"21":[0,0],"22":[0,0],"23":[0,0],"24":[0,0],"25":[0,6],"26":[12,0],"27":[0,12],"28":[6,6],"29":[12,12,6,6],"30":[0,6],"31":[6,0],"32":[4,2],"33":[0,0],"34":[0,0],"35":[0,6],"36":[6,6],"37":[0,0],"38":[0,0],"39":[0,0],"40":[0,0,0],"41":[0,0],"42":[0,0]},"_coverageSchema":"1a1c01bbd47fc00a2c39e90264f33305004495a9","hash":"22208119c92e9c6ca7cc360730a126cf65ea76bd"}
,"/Users/neha/open-source/react-diff-viewer/src/styles.ts": {"path":"/Users/neha/open-source/react-diff-viewer/src/styles.ts","statementMap":{"0":{"start":{"line":85,"column":59},"end":{"line":85,"column":72}},"1":{"start":{"line":87,"column":25},"end":{"line":146,"column":3}},"2":{"start":{"line":148,"column":20},"end":{"line":148,"column":77}},"3":{"start":{"line":150,"column":18},"end":{"line":153,"column":4}},"4":{"start":{"line":155,"column":20},"end":{"line":160,"column":4}},"5":{"start":{"line":162,"column":24},"end":{"line":172,"column":4}},"6":{"start":{"line":174,"column":26},"end":{"line":177,"column":4}},"7":{"start":{"line":179,"column":22},"end":{"line":182,"column":4}},"8":{"start":{"line":184,"column":21},"end":{"line":195,"column":4}},"9":{"start":{"line":197,"column":21},"end":{"line":200,"column":4}},"10":{"start":{"line":202,"column":22},"end":{"line":212,"column":4}},"11":{"start":{"line":214,"column":20},"end":{"line":224,"column":4}},"12":{"start":{"line":226,"column":19},"end":{"line":231,"column":4}},"13":{"start":{"line":233,"column":20},"end":{"line":236,"column":4}},"14":{"start":{"line":238,"column":22},"end":{"line":241,"column":4}},"15":{"start":{"line":243,"column":25},"end":{"line":246,"column":4}},"16":{"start":{"line":248,"column":19},"end":{"line":261,"column":4}},"17":{"start":{"line":263,"column":20},"end":{"line":266,"column":4}},"18":{"start":{"line":268,"column":17},"end":{"line":284,"column":4}},"19":{"start":{"line":286,"column":26},"end":{"line":292,"column":4}},"20":{"start":{"line":294,"column":28},"end":{"line":296,"column":4}},"21":{"start":{"line":298,"column":17},"end":{"line":328,"column":4}},"22":{"start":{"line":330,"column":22},"end":{"line":336,"column":4}},"23":{"start":{"line":338,"column":15},"end":{"line":341,"column":4}},"24":{"start":{"line":343,"column":29},"end":{"line":365,"column":3}},"25":{"start":{"line":367,"column":56},"end":{"line":377,"column":3}},"26":{"start":{"line":370,"column":42},"end":{"line":375,"column":5}},"27":{"start":{"line":379,"column":2},"end":{"line":389,"column":4}},"28":{"start":{"line":380,"column":42},"end":{"line":387,"column":5}}},"fnMap":{"0":{"name":"(anonymous_0)","decl":{"start":{"line":81,"column":15},"end":{"line":81,"column":16}},"loc":{"start":{"line":84,"column":28},"end":{"line":390,"column":1}},"line":84},"1":{"name":"(anonymous_1)","decl":{"start":{"line":370,"column":4},"end":{"line":370,"column":5}},"loc":{"start":{"line":370,"column":42},"end":{"line":375,"column":5}},"line":370},"2":{"name":"(anonymous_2)","decl":{"start":{"line":380,"column":4},"end":{"line":380,"column":5}},"loc":{"start":{"line":380,"column":42},"end":{"line":387,"column":5}},"line":380}},"branchMap":{"0":{"loc":{"start":{"line":83,"column":2},"end":{"line":83,"column":22}},"type":"default-arg","locations":[{"start":{"line":83,"column":17},"end":{"line":83,"column":22}}],"line":83},"1":{"loc":{"start":{"line":85,"column":21},"end":{"line":85,"column":43}},"type":"default-arg","locations":[{"start":{"line":85,"column":41},"end":{"line":85,"column":43}}],"line":85},"2":{"loc":{"start":{"line":115,"column":10},"end":{"line":115,"column":39}},"type":"binary-expr","locations":[{"start":{"line":115,"column":10},"end":{"line":115,"column":33}},{"start":{"line":115,"column":37},"end":{"line":115,"column":39}}],"line":115},"3":{"loc":{"start":{"line":144,"column":10},"end":{"line":144,"column":38}},"type":"binary-expr","locations":[{"start":{"line":144,"column":10},"end":{"line":144,"column":32}},{"start":{"line":144,"column":36},"end":{"line":144,"column":38}}],"line":144},"4":{"loc":{"start":{"line":148,"column":20},"end":{"line":148,"column":77}},"type":"cond-expr","locations":[{"start":{"line":148,"column":35},"end":{"line":148,"column":54}},{"start":{"line":148,"column":57},"end":{"line":148,"column":77}}],"line":148},"5":{"loc":{"start":{"line":383,"column":15},"end":{"line":385,"column":30}},"type":"cond-expr","locations":[{"start":{"line":384,"column":12},"end":{"line":384,"column":63}},{"start":{"line":385,"column":12},"end":{"line":385,"column":30}}],"line":383}},"s":{"0":6,"1":6,"2":6,"3":6,"4":6,"5":6,"6":6,"7":6,"8":6,"9":6,"10":6,"11":6,"12":6,"13":6,"14":6,"15":6,"16":6,"17":6,"18":6,"19":6,"20":6,"21":6,"22":6,"23":6,"24":6,"25":6,"26":0,"27":6,"28":126},"f":{"0":6,"1":0,"2":126},"b":{"0":[0],"1":[6],"2":[6,6],"3":[6,6],"4":[0,6],"5":[0,126]},"_coverageSchema":"1a1c01bbd47fc00a2c39e90264f33305004495a9","hash":"94e8b5ef08e7e31876834a9b589e90acfde94d11"}
}
