TN:
SF:src/compute-lines.ts
FN:75,(anonymous_0)
FN:84,(anonymous_1)
FN:115,(anonymous_2)
FN:129,(anonymous_3)
FN:153,noiseDiffArray
FN:157,(anonymous_5)
FN:193,CompareJSON
FN:208,(anonymous_7)
FN:226,(anonymous_8)
FN:248,(anonymous_9)
FN:270,(anonymous_10)
FN:287,(anonymous_11)
FN:296,(anonymous_12)
FN:301,(anonymous_13)
FN:318,(anonymous_14)
FN:338,(anonymous_15)
FN:372,(anonymous_16)
FN:385,(anonymous_17)
FN:402,(anonymous_18)
FN:454,(anonymous_19)
FN:505,(anonymous_20)
FN:631,(anonymous_21)
FN:647,(anonymous_22)
FN:805,(anonymous_23)
FNF:24
FNH:8
FNDA:84,(anonymous_0)
FNDA:96,(anonymous_1)
FNDA:12,(anonymous_2)
FNDA:60,(anonymous_3)
FNDA:0,noiseDiffArray
FNDA:0,(anonymous_5)
FNDA:0,CompareJSON
FNDA:0,(anonymous_7)
FNDA:0,(anonymous_8)
FNDA:0,(anonymous_9)
FNDA:0,(anonymous_10)
FNDA:0,(anonymous_11)
FNDA:0,(anonymous_12)
FNDA:0,(anonymous_13)
FNDA:0,(anonymous_14)
FNDA:0,(anonymous_15)
FNDA:0,(anonymous_16)
FNDA:0,(anonymous_17)
FNDA:0,(anonymous_18)
FNDA:0,(anonymous_19)
FNDA:6,(anonymous_20)
FNDA:48,(anonymous_21)
FNDA:66,(anonymous_22)
FNDA:36,(anonymous_23)
DA:21,1
DA:75,1
DA:76,84
DA:77,0
DA:79,84
DA:80,84
DA:81,0
DA:83,84
DA:84,96
DA:85,84
DA:87,6
DA:88,6
DA:90,0
DA:91,0
DA:94,78
DA:95,78
DA:98,78
DA:99,6
DA:101,78
DA:102,6
DA:104,78
DA:115,1
DA:120,12
DA:124,12
DA:128,12
DA:130,60
DA:131,60
DA:132,18
DA:133,18
DA:134,18
DA:136,60
DA:137,24
DA:138,24
DA:139,24
DA:141,60
DA:142,18
DA:143,18
DA:144,18
DA:145,18
DA:147,60
DA:150,12
DA:154,0
DA:155,0
DA:156,0
DA:157,0
DA:159,0
DA:161,0
DA:162,0
DA:165,0
DA:171,0
DA:172,0
DA:175,0
DA:179,0
DA:183,0
DA:184,0
DA:187,0
DA:190,0
DA:194,0
DA:195,0
DA:196,0
DA:199,0
DA:200,0
DA:201,0
DA:202,0
DA:203,0
DA:207,0
DA:208,0
DA:209,0
DA:211,0
DA:216,0
DA:219,0
DA:220,0
DA:221,0
DA:224,0
DA:225,0
DA:226,0
DA:227,0
DA:233,0
DA:234,0
DA:235,0
DA:237,0
DA:241,0
DA:242,0
DA:243,0
DA:246,0
DA:247,0
DA:248,0
DA:249,0
DA:255,0
DA:256,0
DA:257,0
DA:259,0
DA:263,0
DA:264,0
DA:265,0
DA:268,0
DA:269,0
DA:270,0
DA:271,0
DA:277,0
DA:278,0
DA:279,0
DA:281,0
DA:285,0
DA:286,0
DA:287,0
DA:288,0
DA:290,0
DA:293,0
DA:294,0
DA:296,0
DA:299,0
DA:300,0
DA:301,0
DA:302,0
DA:303,0
DA:304,0
DA:305,0
DA:306,0
DA:309,0
DA:310,0
DA:312,0
DA:317,0
DA:318,0
DA:319,0
DA:320,0
DA:321,0
DA:323,0
DA:331,0
DA:333,0
DA:334,0
DA:337,0
DA:338,0
DA:339,0
DA:340,0
DA:341,0
DA:343,0
DA:348,0
DA:351,0
DA:352,0
DA:354,0
DA:357,0
DA:358,0
DA:359,0
DA:361,0
DA:362,0
DA:365,0
DA:366,0
DA:369,0
DA:370,0
DA:371,0
DA:372,0
DA:373,0
DA:377,0
DA:378,0
DA:382,0
DA:383,0
DA:385,0
DA:386,0
DA:387,0
DA:388,0
DA:389,0
DA:390,0
DA:391,0
DA:393,0
DA:399,0
DA:400,0
DA:402,0
DA:403,0
DA:405,0
DA:406,0
DA:407,0
DA:408,0
DA:411,0
DA:414,0
DA:420,0
DA:422,0
DA:423,0
DA:425,0
DA:426,0
DA:427,0
DA:432,0
DA:438,0
DA:449,0
DA:450,0
DA:451,0
DA:453,0
DA:454,0
DA:455,0
DA:461,0
DA:465,0
DA:467,0
DA:468,0
DA:470,0
DA:471,0
DA:474,0
DA:476,0
DA:477,0
DA:480,0
DA:481,0
DA:484,0
DA:488,0
DA:505,1
DA:522,6
DA:523,6
DA:524,0
DA:526,6
DA:527,6
DA:528,0
DA:538,0
DA:560,6
DA:561,6
DA:562,6
DA:571,6
DA:572,0
DA:576,0
DA:580,0
DA:625,6
DA:626,6
DA:627,6
DA:628,6
DA:629,6
DA:630,6
DA:631,6
DA:643,48
DA:645,48
DA:648,66
DA:649,66
DA:659,66
DA:663,12
DA:665,54
DA:666,30
DA:667,18
DA:669,30
DA:670,18
DA:671,18
DA:672,18
DA:673,18
DA:679,18
DA:680,18
DA:681,18
DA:682,18
DA:683,6
DA:686,18
DA:691,12
DA:701,12
DA:702,12
DA:703,12
DA:706,12
DA:707,0
DA:709,12
DA:714,12
DA:715,12
DA:720,12
DA:721,12
DA:722,12
DA:723,12
DA:754,24
DA:755,24
DA:756,24
DA:757,24
DA:758,24
DA:759,24
DA:760,24
DA:761,24
DA:762,24
DA:764,0
DA:765,0
DA:766,0
DA:768,0
DA:769,0
DA:770,0
DA:771,0
DA:772,0
DA:773,0
DA:774,0
DA:775,0
DA:798,54
DA:799,54
DA:805,6
DA:806,36
DA:814,6
LF:282
LH:99
BRDA:76,0,0,0
BRDA:76,0,1,84
BRDA:80,1,0,0
BRDA:80,1,1,84
BRDA:85,2,0,6
BRDA:85,2,1,78
BRDA:87,3,0,6
BRDA:87,3,1,0
BRDA:98,4,0,6
BRDA:98,4,1,72
BRDA:101,5,0,6
BRDA:101,5,1,72
BRDA:118,6,0,0
BRDA:120,7,0,12
BRDA:120,7,1,0
BRDA:131,8,0,18
BRDA:131,8,1,42
BRDA:136,9,0,24
BRDA:136,9,1,36
BRDA:141,10,0,18
BRDA:141,10,1,42
BRDA:141,11,0,60
BRDA:141,11,1,36
BRDA:159,12,0,0
BRDA:159,12,1,0
BRDA:161,13,0,0
BRDA:161,13,1,0
BRDA:171,14,0,0
BRDA:171,14,1,0
BRDA:183,15,0,0
BRDA:183,15,1,0
BRDA:199,16,0,0
BRDA:199,16,1,0
BRDA:200,17,0,0
BRDA:200,17,1,0
BRDA:216,18,0,0
BRDA:216,18,1,0
BRDA:216,18,2,0
BRDA:216,18,3,0
BRDA:219,19,0,0
BRDA:219,19,1,0
BRDA:224,20,0,0
BRDA:224,20,1,0
BRDA:241,21,0,0
BRDA:241,21,1,0
BRDA:246,22,0,0
BRDA:246,22,1,0
BRDA:263,23,0,0
BRDA:263,23,1,0
BRDA:268,24,0,0
BRDA:268,24,1,0
BRDA:285,25,0,0
BRDA:285,25,1,0
BRDA:293,26,0,0
BRDA:293,26,1,0
BRDA:293,27,0,0
BRDA:293,27,1,0
BRDA:299,28,0,0
BRDA:299,28,1,0
BRDA:303,29,0,0
BRDA:303,29,1,0
BRDA:309,30,0,0
BRDA:309,30,1,0
BRDA:309,31,0,0
BRDA:309,31,1,0
BRDA:309,31,2,0
BRDA:320,32,0,0
BRDA:320,32,1,0
BRDA:333,33,0,0
BRDA:333,33,1,0
BRDA:340,34,0,0
BRDA:340,34,1,0
BRDA:351,35,0,0
BRDA:351,35,1,0
BRDA:351,36,0,0
BRDA:351,36,1,0
BRDA:351,36,2,0
BRDA:351,36,3,0
BRDA:351,36,4,0
BRDA:351,36,5,0
BRDA:357,37,0,0
BRDA:357,37,1,0
BRDA:361,38,0,0
BRDA:361,38,1,0
BRDA:365,39,0,0
BRDA:365,39,1,0
BRDA:365,40,0,0
BRDA:365,40,1,0
BRDA:369,41,0,0
BRDA:369,41,1,0
BRDA:369,42,0,0
BRDA:369,42,1,0
BRDA:369,43,0,0
BRDA:369,43,1,0
BRDA:370,44,0,0
BRDA:370,44,1,0
BRDA:382,45,0,0
BRDA:382,45,1,0
BRDA:382,46,0,0
BRDA:382,46,1,0
BRDA:386,47,0,0
BRDA:386,47,1,0
BRDA:388,48,0,0
BRDA:388,48,1,0
BRDA:399,49,0,0
BRDA:399,49,1,0
BRDA:403,50,0,0
BRDA:403,50,1,0
BRDA:405,51,0,0
BRDA:405,51,1,0
BRDA:420,52,0,0
BRDA:420,52,1,0
BRDA:422,53,0,0
BRDA:422,53,1,0
BRDA:449,54,0,0
BRDA:449,54,1,0
BRDA:467,55,0,0
BRDA:467,55,1,0
BRDA:470,56,0,0
BRDA:470,56,1,0
BRDA:476,57,0,0
BRDA:476,57,1,0
BRDA:476,58,0,0
BRDA:476,58,1,0
BRDA:509,59,0,0
BRDA:510,60,0,0
BRDA:511,61,0,0
BRDA:523,62,0,0
BRDA:523,62,1,6
BRDA:523,63,0,6
BRDA:523,63,1,6
BRDA:560,64,0,6
BRDA:560,64,1,0
BRDA:561,65,0,6
BRDA:561,65,1,0
BRDA:561,66,0,6
BRDA:561,66,1,6
BRDA:561,66,2,0
BRDA:561,66,3,0
BRDA:571,67,0,0
BRDA:571,67,1,6
BRDA:659,68,0,12
BRDA:659,68,1,54
BRDA:660,69,0,66
BRDA:660,69,1,54
BRDA:660,69,2,0
BRDA:660,69,3,54
BRDA:665,70,0,30
BRDA:665,70,1,24
BRDA:665,71,0,54
BRDA:665,71,1,42
BRDA:666,72,0,18
BRDA:666,72,1,12
BRDA:669,73,0,18
BRDA:669,73,1,12
BRDA:673,74,0,18
BRDA:673,74,1,0
BRDA:680,75,0,18
BRDA:680,75,1,0
BRDA:680,76,0,18
BRDA:680,76,1,18
BRDA:682,77,0,6
BRDA:682,77,1,12
BRDA:682,78,0,18
BRDA:682,78,1,12
BRDA:686,79,0,12
BRDA:686,79,1,6
BRDA:706,80,0,0
BRDA:706,80,1,12
BRDA:754,81,0,24
BRDA:754,81,1,0
BRDA:754,82,0,24
BRDA:754,82,1,24
BRDA:764,83,0,0
BRDA:764,83,1,0
BRF:175
BRH:53
end_of_record
TN:
SF:src/index.tsx
FN:128,(anonymous_0)
FN:140,(anonymous_1)
FN:154,(anonymous_2)
FN:180,(anonymous_3)
FN:182,(anonymous_4)
FN:184,(anonymous_5)
FN:193,(anonymous_6)
FN:197,(anonymous_7)
FN:225,(anonymous_8)
FN:327,(anonymous_9)
FN:357,(anonymous_10)
FN:428,(anonymous_11)
FN:429,(anonymous_12)
FN:441,(anonymous_13)
FN:503,(anonymous_14)
FN:527,(anonymous_15)
FN:578,(anonymous_16)
FNF:17
FNH:8
FNDA:7,(anonymous_0)
FNDA:0,(anonymous_1)
FNDA:0,(anonymous_2)
FNDA:6,(anonymous_3)
FNDA:0,(anonymous_4)
FNDA:0,(anonymous_5)
FNDA:0,(anonymous_6)
FNDA:0,(anonymous_7)
FNDA:6,(anonymous_8)
FNDA:4,(anonymous_9)
FNDA:2,(anonymous_10)
FNDA:0,(anonymous_11)
FNDA:0,(anonymous_12)
FNDA:0,(anonymous_13)
FNDA:6,(anonymous_14)
FNDA:12,(anonymous_15)
FNDA:6,(anonymous_16)
DA:18,1
DA:20,1
DA:93,1
DA:109,1
DA:129,7
DA:131,6
DA:140,6
DA:141,0
DA:142,0
DA:145,0
DA:147,0
DA:154,6
DA:155,0
DA:156,0
DA:158,0
DA:172,6
DA:180,6
DA:181,6
DA:182,0
DA:184,6
DA:193,6
DA:197,0
DA:198,0
DA:225,6
DA:233,6
DA:234,6
DA:236,6
DA:238,6
DA:239,6
DA:241,6
DA:242,0
DA:243,6
DA:244,0
DA:246,6
DA:249,6
DA:327,6
DA:331,4
DA:357,6
DA:362,2
DA:363,0
DA:386,2
DA:387,0
DA:395,2
DA:396,2
DA:405,0
DA:406,0
DA:415,0
DA:428,6
DA:429,0
DA:430,0
DA:441,6
DA:447,0
DA:448,0
DA:458,0
DA:464,0
DA:465,0
DA:503,6
DA:512,6
DA:513,6
DA:522,6
DA:525,6
DA:526,6
DA:528,12
DA:529,12
DA:530,12
DA:531,12
DA:532,0
DA:533,0
DA:535,12
DA:541,6
DA:542,6
DA:543,0
DA:550,6
DA:554,6
DA:558,0
DA:559,0
DA:560,0
DA:561,0
DA:573,0
DA:578,6
DA:587,6
DA:589,6
DA:590,0
DA:593,6
DA:594,6
DA:595,0
DA:596,0
DA:597,0
DA:599,0
DA:621,0
LF:90
LH:52
BRDA:20,0,0,1
BRDA:20,0,1,1
BRDA:141,1,0,0
BRDA:141,1,1,0
BRDA:181,2,0,0
BRDA:181,2,1,6
BRDA:206,3,0,0
BRDA:206,3,1,0
BRDA:236,4,0,6
BRDA:236,4,1,6
BRDA:241,5,0,0
BRDA:241,5,1,6
BRDA:243,6,0,0
BRDA:243,6,1,6
BRDA:251,7,0,6
BRDA:251,7,1,6
BRDA:254,8,0,6
BRDA:254,8,1,6
BRDA:266,9,0,0
BRDA:266,9,1,0
BRDA:266,9,2,0
BRDA:269,10,0,0
BRDA:269,10,1,0
BRDA:281,11,0,0
BRDA:281,11,1,0
BRDA:301,12,0,0
BRDA:301,12,1,0
BRDA:302,13,0,0
BRDA:302,13,1,0
BRDA:362,14,0,0
BRDA:362,14,1,2
BRDA:362,15,0,2
BRDA:362,15,1,0
BRDA:386,16,0,0
BRDA:386,16,1,2
BRDA:395,17,0,2
BRDA:395,17,1,0
BRDA:405,18,0,0
BRDA:405,18,1,0
BRDA:448,19,0,0
BRDA:448,19,1,0
BRDA:464,20,0,0
BRDA:464,20,1,0
BRDA:470,21,0,0
BRDA:470,21,1,0
BRDA:471,22,0,0
BRDA:471,22,1,0
BRDA:481,23,0,0
BRDA:481,23,1,0
BRDA:489,24,0,0
BRDA:489,24,1,0
BRDA:522,25,0,0
BRDA:522,25,1,6
BRDA:530,26,0,12
BRDA:530,26,1,0
BRDA:531,27,0,0
BRDA:531,27,1,12
BRDA:535,28,0,6
BRDA:535,28,1,6
BRDA:536,29,0,12
BRDA:536,29,1,12
BRDA:536,29,2,6
BRDA:536,29,3,6
BRDA:542,30,0,0
BRDA:542,30,1,6
BRDA:542,31,0,6
BRDA:542,31,1,0
BRDA:554,32,0,4
BRDA:554,32,1,2
BRDA:558,33,0,0
BRDA:558,33,1,0
BRDA:558,34,0,0
BRDA:558,34,1,0
BRDA:589,35,0,0
BRDA:589,35,1,6
BRDA:589,36,0,6
BRDA:589,36,1,6
BRDA:595,37,0,0
BRDA:595,37,1,0
BRDA:596,38,0,0
BRDA:596,38,1,0
BRDA:597,39,0,0
BRDA:597,39,1,0
BRDA:599,40,0,0
BRDA:599,40,1,0
BRDA:599,40,2,0
BRDA:603,41,0,0
BRDA:603,41,1,0
BRDA:610,42,0,0
BRDA:610,42,1,0
BRF:90
BRH:31
end_of_record
TN:
SF:src/styles.ts
FN:81,(anonymous_0)
FN:370,(anonymous_1)
FN:380,(anonymous_2)
FNF:3
FNH:2
FNDA:6,(anonymous_0)
FNDA:0,(anonymous_1)
FNDA:126,(anonymous_2)
DA:85,6
DA:87,6
DA:148,6
DA:150,6
DA:155,6
DA:162,6
DA:174,6
DA:179,6
DA:184,6
DA:197,6
DA:202,6
DA:214,6
DA:226,6
DA:233,6
DA:238,6
DA:243,6
DA:248,6
DA:263,6
DA:268,6
DA:286,6
DA:294,6
DA:298,6
DA:330,6
DA:338,6
DA:343,6
DA:367,6
DA:370,0
DA:379,6
DA:380,126
LF:29
LH:28
BRDA:83,0,0,0
BRDA:85,1,0,6
BRDA:115,2,0,6
BRDA:115,2,1,6
BRDA:144,3,0,6
BRDA:144,3,1,6
BRDA:148,4,0,0
BRDA:148,4,1,6
BRDA:383,5,0,0
BRDA:383,5,1,126
BRF:10
BRH:7
end_of_record
